
> starter@1.0.0 e2e:base /Users/yusong/Code/comp531-web-development/inclass-14
> mocha --opts e2e/mocha.opts e2e/*.spec.js "--reporter" "xunit"

<testsuite name="Mocha Tests" tests="3" failures="0" errors="0" skipped="0" timestamp="Fri, 07 Oct 2016 02:25:57 GMT" time="12.208">
<testcase classname="Test Dummy Server Example Page" name="should log in as the test user" time="0.543"/>
<testcase classname="Test Dummy Server Example Page" name="Update the headline and verify the change" time="5.785"/>
<testcase classname="shutdown" name="now" time="0.128"/>
</testsuite>
