{"/Users/yusong/Code/comp531-web-development/hw5/src/actions/action.js":{"path":"/Users/yusong/Code/comp531-web-development/hw5/src/actions/action.js","s":{"1":1,"2":1,"3":0},"b":{},"f":{"1":0},"fnMap":{"1":{"name":"navigate","line":10,"loc":{"start":{"line":5,"column":24},"end":{"line":5,"column":34}}}},"statementMap":{"1":{"start":{"line":0,"column":0},"end":{"line":0,"column":0},"skip":true},"2":{"start":{"line":5,"column":7},"end":{"line":5,"column":7}},"3":{"start":{"line":6,"column":4},"end":{"line":6,"column":4}}},"branchMap":{}},"/Users/yusong/Code/comp531-web-development/hw5/src/actions/action.spec.js":{"path":"/Users/yusong/Code/comp531-web-development/hw5/src/actions/action.spec.js","s":{"1":1,"2":1,"3":1,"4":0,"5":0,"6":0,"7":0,"8":0,"9":0},"b":{},"f":{"1":0,"2":0,"3":0,"4":0},"fnMap":{"1":{"name":"(anonymous_1)","line":7,"loc":{"start":{"line":4,"column":69},"end":{"line":4,"column":75}}},"2":{"name":"(anonymous_2)","line":9,"loc":{"start":{"line":6,"column":26},"end":{"line":6,"column":36}}},"3":{"name":"(anonymous_3)","line":14,"loc":{"start":{"line":11,"column":76},"end":{"line":11,"column":86}}},"4":{"name":"(anonymous_4)","line":19,"loc":{"start":{"line":16,"column":81},"end":{"line":16,"column":91}}}},"statementMap":{"1":{"start":{"line":1,"column":-15},"end":{"line":1,"column":-15}},"2":{"start":{"line":2,"column":0},"end":{"line":2,"column":0}},"3":{"start":{"line":4,"column":0},"end":{"line":4,"column":0}},"4":{"start":{"line":6,"column":4},"end":{"line":6,"column":4}},"5":{"start":{"line":8,"column":8},"end":{"line":8,"column":8}},"6":{"start":{"line":11,"column":4},"end":{"line":11,"column":4}},"7":{"start":{"line":13,"column":8},"end":{"line":13,"column":8}},"8":{"start":{"line":16,"column":4},"end":{"line":16,"column":4}},"9":{"start":{"line":18,"column":8},"end":{"line":18,"column":8}}},"branchMap":{}},"/Users/yusong/Code/comp531-web-development/hw5/src/actions/articleActions.js":{"path":"/Users/yusong/Code/comp531-web-development/hw5/src/actions/articleActions.js","s":{"1":1,"2":1,"3":1,"4":1,"5":0,"6":1,"7":0,"8":1,"9":0,"10":0,"11":0,"12":0,"13":0,"14":1,"15":0,"16":1,"17":0},"b":{"1":[0,0]},"f":{"1":0,"2":0,"3":0,"4":0,"5":0,"6":0,"7":0,"8":0},"fnMap":{"1":{"name":"updateArticles","line":10,"loc":{"start":{"line":7,"column":30},"end":{"line":7,"column":44}}},"2":{"name":"addArticle","line":19,"loc":{"start":{"line":14,"column":26},"end":{"line":14,"column":39}}},"3":{"name":"fetchArticles","line":28,"loc":{"start":{"line":23,"column":29},"end":{"line":23,"column":41}}},"4":{"name":"(anonymous_4)","line":30,"loc":{"start":{"line":25,"column":11},"end":{"line":25,"column":25}}},"5":{"name":"(anonymous_5)","line":31,"loc":{"start":{"line":27,"column":18},"end":{"line":27,"column":25}}},"6":{"name":"(anonymous_6)","line":33,"loc":{"start":{"line":30,"column":19},"end":{"line":30,"column":28}}},"7":{"name":"setKeyword","line":39,"loc":{"start":{"line":36,"column":26},"end":{"line":36,"column":39}}},"8":{"name":"clearArticles","line":46,"loc":{"start":{"line":43,"column":29},"end":{"line":43,"column":35}}}},"statementMap":{"1":{"start":{"line":0,"column":0},"end":{"line":0,"column":0},"skip":true},"2":{"start":{"line":0,"column":0},"end":{"line":0,"column":0},"skip":true},"3":{"start":{"line":5,"column":0},"end":{"line":5,"column":0}},"4":{"start":{"line":0,"column":0},"end":{"line":0,"column":0},"skip":true},"5":{"start":{"line":8,"column":4},"end":{"line":8,"column":4}},"6":{"start":{"line":14,"column":7},"end":{"line":14,"column":7}},"7":{"start":{"line":15,"column":4},"end":{"line":15,"column":4}},"8":{"start":{"line":23,"column":7},"end":{"line":23,"column":7}},"9":{"start":{"line":24,"column":4},"end":{"line":24,"column":4}},"10":{"start":{"line":25,"column":4},"end":{"line":25,"column":4}},"11":{"start":{"line":26,"column":8},"end":{"line":26,"column":8}},"12":{"start":{"line":28,"column":16},"end":{"line":28,"column":16}},"13":{"start":{"line":31,"column":16},"end":{"line":31,"column":16}},"14":{"start":{"line":36,"column":7},"end":{"line":36,"column":7}},"15":{"start":{"line":37,"column":4},"end":{"line":37,"column":4}},"16":{"start":{"line":43,"column":7},"end":{"line":43,"column":7}},"17":{"start":{"line":44,"column":4},"end":{"line":44,"column":4}}},"branchMap":{"1":{"line":29,"type":"cond-expr","locations":[{"start":{"line":24,"column":21},"end":{"line":24,"column":21}},{"start":{"line":24,"column":55},"end":{"line":24,"column":4}}]}}},"/Users/yusong/Code/comp531-web-development/hw5/src/util/utils.js":{"path":"/Users/yusong/Code/comp531-web-development/hw5/src/util/utils.js","s":{"1":1,"2":1,"3":1,"4":0,"5":0,"6":0,"7":0,"8":0,"9":0,"10":0,"11":0,"12":1},"b":{"1":[0,0],"2":[0,0],"3":[0,0]},"f":{"1":0,"2":0},"fnMap":{"1":{"name":"resource","line":12,"loc":{"start":{"line":7,"column":24},"end":{"line":7,"column":55}}},"2":{"name":"(anonymous_2)","line":22,"loc":{"start":{"line":18,"column":14},"end":{"line":18,"column":19}}}},"statementMap":{"1":{"start":{"line":0,"column":0},"end":{"line":0,"column":0},"skip":true},"2":{"start":{"line":5,"column":7},"end":{"line":5,"column":7}},"3":{"start":{"line":7,"column":7},"end":{"line":7,"column":7}},"4":{"start":{"line":8,"column":4},"end":{"line":8,"column":4}},"5":{"start":{"line":15,"column":4},"end":{"line":15,"column":17}},"6":{"start":{"line":15,"column":17},"end":{"line":15,"column":17}},"7":{"start":{"line":17,"column":4},"end":{"line":17,"column":4}},"8":{"start":{"line":19,"column":12},"end":{"line":25,"column":13}},"9":{"start":{"line":20,"column":16},"end":{"line":20,"column":16}},"10":{"start":{"line":23,"column":16},"end":{"line":23,"column":16}},"11":{"start":{"line":24,"column":16},"end":{"line":24,"column":16}},"12":{"start":{"line":0,"column":0},"end":{"line":0,"column":0},"skip":true}},"branchMap":{"1":{"line":20,"type":"if","locations":[{"start":{"line":15,"column":4},"end":{"line":15,"column":4}},{"start":{"line":15,"column":4},"end":{"line":15,"column":4}}]},"2":{"line":23,"type":"if","locations":[{"start":{"line":19,"column":12},"end":{"line":19,"column":12}},{"start":{"line":19,"column":12},"end":{"line":19,"column":12}}]},"3":{"line":24,"type":"cond-expr","locations":[{"start":{"line":20,"column":77},"end":{"line":20,"column":23}},{"start":{"line":20,"column":88},"end":{"line":20,"column":16}}]}}},"/Users/yusong/Code/comp531-web-development/hw5/src/actions/articleActions.spec.js":{"path":"/Users/yusong/Code/comp531-web-development/hw5/src/actions/articleActions.spec.js","s":{"1":1,"2":1,"3":1,"4":1,"5":1,"6":1,"7":2,"8":1,"9":0,"10":0,"11":0,"12":0,"13":0,"14":0,"15":0,"16":0,"17":0,"18":0,"19":0,"20":0,"21":0,"22":0,"23":0,"24":0,"25":0,"26":0,"27":0,"28":0,"29":0,"30":0,"31":0,"32":0},"b":{"1":[0,2],"2":[2,2],"3":[0,0],"4":[0,0]},"f":{"1":2,"2":0,"3":0,"4":0,"5":0,"6":0,"7":0},"fnMap":{"1":{"name":"_interopRequireDefault","line":13,"loc":{"start":{"line":0,"column":0},"end":{"line":0,"column":0},"skip":true},"skip":true},"2":{"name":"(anonymous_2)","line":15,"loc":{"start":{"line":5,"column":37},"end":{"line":5,"column":43}}},"3":{"name":"(anonymous_3)","line":20,"loc":{"start":{"line":7,"column":15},"end":{"line":7,"column":21}}},"4":{"name":"(anonymous_4)","line":33,"loc":{"start":{"line":21,"column":14},"end":{"line":21,"column":20}}},"5":{"name":"(anonymous_5)","line":40,"loc":{"start":{"line":28,"column":32},"end":{"line":28,"column":42}}},"6":{"name":"(anonymous_6)","line":49,"loc":{"start":{"line":44,"column":12},"end":{"line":44,"column":24}}},"7":{"name":"(anonymous_7)","line":56,"loc":{"start":{"line":52,"column":39},"end":{"line":52,"column":49}}}},"statementMap":{"1":{"start":{"line":1,"column":-15},"end":{"line":1,"column":-15}},"2":{"start":{"line":2,"column":0},"end":{"line":2,"column":0}},"3":{"start":{"line":0,"column":0},"end":{"line":0,"column":0},"skip":true},"4":{"start":{"line":3,"column":0},"end":{"line":3,"column":0}},"5":{"start":{"line":0,"column":0},"end":{"line":0,"column":0},"skip":true},"6":{"start":{"line":0,"column":0},"end":{"line":0,"column":0},"skip":true},"7":{"start":{"line":0,"column":0},"end":{"line":0,"column":0},"skip":true},"8":{"start":{"line":5,"column":0},"end":{"line":5,"column":0}},"9":{"start":{"line":6,"column":4},"end":{"line":6,"column":4}},"10":{"start":{"line":7,"column":4},"end":{"line":7,"column":4}},"11":{"start":{"line":8,"column":8},"end":{"line":18,"column":9}},"12":{"start":{"line":9,"column":12},"end":{"line":9,"column":12}},"13":{"start":{"line":10,"column":12},"end":{"line":10,"column":12}},"14":{"start":{"line":11,"column":12},"end":{"line":11,"column":12}},"15":{"start":{"line":12,"column":12},"end":{"line":12,"column":12}},"16":{"start":{"line":13,"column":12},"end":{"line":13,"column":12}},"17":{"start":{"line":14,"column":12},"end":{"line":14,"column":12}},"18":{"start":{"line":15,"column":12},"end":{"line":15,"column":12}},"19":{"start":{"line":16,"column":12},"end":{"line":16,"column":12}},"20":{"start":{"line":21,"column":4},"end":{"line":21,"column":4}},"21":{"start":{"line":22,"column":8},"end":{"line":25,"column":9}},"22":{"start":{"line":23,"column":12},"end":{"line":23,"column":12}},"23":{"start":{"line":24,"column":12},"end":{"line":24,"column":12}},"24":{"start":{"line":28,"column":4},"end":{"line":28,"column":4}},"25":{"start":{"line":30,"column":8},"end":{"line":30,"column":8}},"26":{"start":{"line":32,"column":8},"end":{"line":32,"column":8}},"27":{"start":{"line":43,"column":8},"end":{"line":43,"column":8}},"28":{"start":{"line":45,"column":16},"end":{"line":45,"column":16}},"29":{"start":{"line":46,"column":16},"end":{"line":46,"column":16}},"30":{"start":{"line":49,"column":8},"end":{"line":49,"column":8}},"31":{"start":{"line":52,"column":4},"end":{"line":52,"column":4}},"32":{"start":{"line":53,"column":8},"end":{"line":53,"column":8}}},"branchMap":{"1":{"line":13,"type":"cond-expr","locations":[{"start":{"line":0,"column":0},"end":{"line":0,"column":0},"skip":true},{"start":{"line":0,"column":0},"end":{"line":0,"column":0},"skip":true}]},"2":{"line":13,"type":"binary-expr","locations":[{"start":{"line":0,"column":0},"end":{"line":0,"column":0},"skip":true},{"start":{"line":0,"column":0},"end":{"line":0,"column":0},"skip":true}]},"3":{"line":21,"type":"if","locations":[{"start":{"line":8,"column":8},"end":{"line":8,"column":8}},{"start":{"line":8,"column":8},"end":{"line":8,"column":8}}]},"4":{"line":34,"type":"if","locations":[{"start":{"line":22,"column":8},"end":{"line":22,"column":8}},{"start":{"line":22,"column":8},"end":{"line":22,"column":8}}]}}},"/Users/yusong/Code/comp531-web-development/hw5/src/actions/authActions.js":{"path":"/Users/yusong/Code/comp531-web-development/hw5/src/actions/authActions.js","s":{"1":1,"2":1,"3":1,"4":1,"5":1,"6":1,"7":1,"8":1,"9":1,"10":1,"11":1,"12":1,"13":4,"14":4,"15":0,"16":0,"17":0,"18":0,"19":0,"20":0,"21":0,"22":1,"23":0,"24":1,"25":0,"26":0,"27":0,"28":0,"29":0,"30":0,"31":0,"32":0,"33":0,"34":0,"35":0,"36":0,"37":0,"38":0,"39":0,"40":1,"41":0,"42":0,"43":0,"44":0,"45":0,"46":0,"47":0,"48":1},"b":{"1":[4,0],"2":[4,4],"3":[0,0],"4":[0,0]},"f":{"1":4,"2":0,"3":0,"4":0,"5":0,"6":0,"7":0,"8":0,"9":0,"10":0,"11":0,"12":0},"fnMap":{"1":{"name":"_interopRequireWildcard","line":26,"loc":{"start":{"line":0,"column":0},"end":{"line":0,"column":0},"skip":true},"skip":true},"2":{"name":"authenticateUser","line":28,"loc":{"start":{"line":11,"column":32},"end":{"line":11,"column":51}}},"3":{"name":"loginUser","line":37,"loc":{"start":{"line":18,"column":25},"end":{"line":18,"column":49}}},"4":{"name":"(anonymous_4)","line":38,"loc":{"start":{"line":19,"column":11},"end":{"line":19,"column":25}}},"5":{"name":"(anonymous_5)","line":39,"loc":{"start":{"line":21,"column":18},"end":{"line":21,"column":25}}},"6":{"name":"(anonymous_6)","line":44,"loc":{"start":{"line":26,"column":44},"end":{"line":26,"column":44}}},"7":{"name":"(anonymous_7)","line":51,"loc":{"start":{"line":31,"column":40},"end":{"line":31,"column":46}}},"8":{"name":"(anonymous_8)","line":54,"loc":{"start":{"line":35,"column":19},"end":{"line":35,"column":28}}},"9":{"name":"logoutUser","line":60,"loc":{"start":{"line":41,"column":26},"end":{"line":41,"column":32}}},"10":{"name":"(anonymous_10)","line":61,"loc":{"start":{"line":42,"column":11},"end":{"line":42,"column":25}}},"11":{"name":"(anonymous_11)","line":62,"loc":{"start":{"line":44,"column":18},"end":{"line":44,"column":24}}},"12":{"name":"(anonymous_12)","line":68,"loc":{"start":{"line":51,"column":19},"end":{"line":51,"column":28}}}},"statementMap":{"1":{"start":{"line":0,"column":0},"end":{"line":0,"column":0},"skip":true},"2":{"start":{"line":0,"column":0},"end":{"line":0,"column":0},"skip":true},"3":{"start":{"line":5,"column":0},"end":{"line":5,"column":0}},"4":{"start":{"line":6,"column":0},"end":{"line":6,"column":0}},"5":{"start":{"line":0,"column":0},"end":{"line":0,"column":0},"skip":true},"6":{"start":{"line":7,"column":0},"end":{"line":7,"column":0}},"7":{"start":{"line":0,"column":0},"end":{"line":0,"column":0},"skip":true},"8":{"start":{"line":8,"column":0},"end":{"line":8,"column":0}},"9":{"start":{"line":0,"column":0},"end":{"line":0,"column":0},"skip":true},"10":{"start":{"line":9,"column":0},"end":{"line":9,"column":0}},"11":{"start":{"line":0,"column":0},"end":{"line":0,"column":0},"skip":true},"12":{"start":{"line":0,"column":0},"end":{"line":0,"column":0},"skip":true},"13":{"start":{"line":0,"column":0},"end":{"line":0,"column":0},"skip":true},"14":{"start":{"line":0,"column":0},"end":{"line":0,"column":0},"skip":true},"15":{"start":{"line":0,"column":0},"end":{"line":0,"column":0},"skip":true},"16":{"start":{"line":0,"column":0},"end":{"line":0,"column":0},"skip":true},"17":{"start":{"line":0,"column":0},"end":{"line":0,"column":0},"skip":true},"18":{"start":{"line":0,"column":0},"end":{"line":0,"column":0},"skip":true},"19":{"start":{"line":0,"column":0},"end":{"line":0,"column":0},"skip":true},"20":{"start":{"line":0,"column":0},"end":{"line":0,"column":0},"skip":true},"21":{"start":{"line":0,"column":0},"end":{"line":0,"column":0},"skip":true},"22":{"start":{"line":0,"column":0},"end":{"line":0,"column":0},"skip":true},"23":{"start":{"line":12,"column":4},"end":{"line":12,"column":4}},"24":{"start":{"line":18,"column":7},"end":{"line":18,"column":7}},"25":{"start":{"line":19,"column":4},"end":{"line":19,"column":4}},"26":{"start":{"line":20,"column":8},"end":{"line":20,"column":8}},"27":{"start":{"line":22,"column":16},"end":{"line":22,"column":16}},"28":{"start":{"line":23,"column":16},"end":{"line":23,"column":16}},"29":{"start":{"line":24,"column":16},"end":{"line":24,"column":16}},"30":{"start":{"line":25,"column":16},"end":{"line":25,"column":16}},"31":{"start":{"line":26,"column":16},"end":{"line":26,"column":16}},"32":{"start":{"line":26,"column":44},"end":{"line":26,"column":44}},"33":{"start":{"line":27,"column":16},"end":{"line":27,"column":16}},"34":{"start":{"line":28,"column":16},"end":{"line":28,"column":16}},"35":{"start":{"line":29,"column":16},"end":{"line":29,"column":16}},"36":{"start":{"line":30,"column":16},"end":{"line":30,"column":16}},"37":{"start":{"line":31,"column":16},"end":{"line":31,"column":16}},"38":{"start":{"line":32,"column":20},"end":{"line":32,"column":20}},"39":{"start":{"line":36,"column":12},"end":{"line":36,"column":12}},"40":{"start":{"line":41,"column":7},"end":{"line":41,"column":7}},"41":{"start":{"line":42,"column":4},"end":{"line":42,"column":4}},"42":{"start":{"line":43,"column":8},"end":{"line":43,"column":8}},"43":{"start":{"line":45,"column":16},"end":{"line":45,"column":16}},"44":{"start":{"line":46,"column":16},"end":{"line":46,"column":16}},"45":{"start":{"line":48,"column":16},"end":{"line":48,"column":16}},"46":{"start":{"line":49,"column":16},"end":{"line":49,"column":16}},"47":{"start":{"line":52,"column":16},"end":{"line":52,"column":16}},"48":{"start":{"line":0,"column":0},"end":{"line":0,"column":0},"skip":true}},"branchMap":{"1":{"line":26,"type":"if","locations":[{"start":{"line":0,"column":0},"end":{"line":0,"column":0},"skip":true},{"start":{"line":0,"column":0},"end":{"line":0,"column":0},"skip":true}]},"2":{"line":26,"type":"binary-expr","locations":[{"start":{"line":0,"column":0},"end":{"line":0,"column":0},"skip":true},{"start":{"line":0,"column":0},"end":{"line":0,"column":0},"skip":true}]},"3":{"line":26,"type":"if","locations":[{"start":{"line":0,"column":0},"end":{"line":0,"column":0},"skip":true},{"start":{"line":0,"column":0},"end":{"line":0,"column":0},"skip":true}]},"4":{"line":26,"type":"if","locations":[{"start":{"line":0,"column":0},"end":{"line":0,"column":0},"skip":true},{"start":{"line":0,"column":0},"end":{"line":0,"column":0},"skip":true}]}}},"/Users/yusong/Code/comp531-web-development/hw5/src/actions/profileActions.js":{"path":"/Users/yusong/Code/comp531-web-development/hw5/src/actions/profileActions.js","s":{"1":1,"2":1,"3":1,"4":1,"5":0,"6":1,"7":0,"8":1,"9":0,"10":1,"11":0,"12":1,"13":0,"14":1,"15":0,"16":0,"17":0,"18":0,"19":1,"20":0,"21":0,"22":0,"23":0,"24":0,"25":0,"26":0,"27":0,"28":0,"29":0,"30":0,"31":0,"32":0,"33":0},"b":{"1":[0,0],"2":[0,0,0,0]},"f":{"1":0,"2":0,"3":0,"4":0,"5":0,"6":0,"7":0,"8":0,"9":0,"10":0,"11":0,"12":0,"13":0},"fnMap":{"1":{"name":"updateAvatar","line":10,"loc":{"start":{"line":7,"column":28},"end":{"line":7,"column":40}}},"2":{"name":"updateUsername","line":19,"loc":{"start":{"line":14,"column":30},"end":{"line":14,"column":44}}},"3":{"name":"updateEmail","line":26,"loc":{"start":{"line":21,"column":27},"end":{"line":21,"column":38}}},"4":{"name":"updateZipcode","line":33,"loc":{"start":{"line":28,"column":29},"end":{"line":28,"column":42}}},"5":{"name":"updateHeadline","line":40,"loc":{"start":{"line":35,"column":30},"end":{"line":35,"column":44}}},"6":{"name":"putHeadline","line":47,"loc":{"start":{"line":42,"column":27},"end":{"line":42,"column":41}}},"7":{"name":"(anonymous_7)","line":48,"loc":{"start":{"line":43,"column":11},"end":{"line":43,"column":25}}},"8":{"name":"(anonymous_8)","line":51,"loc":{"start":{"line":46,"column":17},"end":{"line":46,"column":24}}},"9":{"name":"(anonymous_9)","line":53,"loc":{"start":{"line":48,"column":17},"end":{"line":48,"column":26}}},"10":{"name":"fetchField","line":59,"loc":{"start":{"line":54,"column":26},"end":{"line":54,"column":44}}},"11":{"name":"(anonymous_11)","line":61,"loc":{"start":{"line":56,"column":11},"end":{"line":56,"column":25}}},"12":{"name":"(anonymous_12)","line":62,"loc":{"start":{"line":57,"column":14},"end":{"line":57,"column":21}}},"13":{"name":"(anonymous_13)","line":78,"loc":{"start":{"line":74,"column":15},"end":{"line":74,"column":24}}}},"statementMap":{"1":{"start":{"line":0,"column":0},"end":{"line":0,"column":0},"skip":true},"2":{"start":{"line":0,"column":0},"end":{"line":0,"column":0},"skip":true},"3":{"start":{"line":5,"column":0},"end":{"line":5,"column":0}},"4":{"start":{"line":0,"column":0},"end":{"line":0,"column":0},"skip":true},"5":{"start":{"line":8,"column":4},"end":{"line":8,"column":4}},"6":{"start":{"line":14,"column":7},"end":{"line":14,"column":7}},"7":{"start":{"line":15,"column":4},"end":{"line":15,"column":4}},"8":{"start":{"line":21,"column":7},"end":{"line":21,"column":7}},"9":{"start":{"line":22,"column":4},"end":{"line":22,"column":4}},"10":{"start":{"line":28,"column":7},"end":{"line":28,"column":7}},"11":{"start":{"line":29,"column":4},"end":{"line":29,"column":4}},"12":{"start":{"line":35,"column":7},"end":{"line":35,"column":7}},"13":{"start":{"line":36,"column":4},"end":{"line":36,"column":4}},"14":{"start":{"line":42,"column":7},"end":{"line":42,"column":7}},"15":{"start":{"line":43,"column":4},"end":{"line":43,"column":4}},"16":{"start":{"line":44,"column":8},"end":{"line":44,"column":8}},"17":{"start":{"line":47,"column":12},"end":{"line":47,"column":12}},"18":{"start":{"line":49,"column":12},"end":{"line":49,"column":12}},"19":{"start":{"line":54,"column":7},"end":{"line":54,"column":7}},"20":{"start":{"line":55,"column":4},"end":{"line":55,"column":4}},"21":{"start":{"line":56,"column":4},"end":{"line":56,"column":4}},"22":{"start":{"line":56,"column":26},"end":{"line":56,"column":26}},"23":{"start":{"line":58,"column":12},"end":{"line":58,"column":12}},"24":{"start":{"line":60,"column":20},"end":{"line":60,"column":20}},"25":{"start":{"line":61,"column":20},"end":{"line":61,"column":20}},"26":{"start":{"line":63,"column":20},"end":{"line":63,"column":20}},"27":{"start":{"line":64,"column":20},"end":{"line":64,"column":20}},"28":{"start":{"line":66,"column":20},"end":{"line":66,"column":20}},"29":{"start":{"line":67,"column":20},"end":{"line":67,"column":20}},"30":{"start":{"line":69,"column":20},"end":{"line":69,"column":20}},"31":{"start":{"line":70,"column":20},"end":{"line":70,"column":20}},"32":{"start":{"line":71,"column":20},"end":{"line":71,"column":20}},"33":{"start":{"line":75,"column":12},"end":{"line":75,"column":12}}},"branchMap":{"1":{"line":60,"type":"cond-expr","locations":[{"start":{"line":55,"column":31},"end":{"line":55,"column":21}},{"start":{"line":55,"column":53},"end":{"line":55,"column":4}}]},"2":{"line":63,"type":"switch","locations":[{"start":{"line":59,"column":16},"end":{"line":61,"column":20}},{"start":{"line":62,"column":16},"end":{"line":64,"column":20}},{"start":{"line":65,"column":16},"end":{"line":67,"column":20}},{"start":{"line":68,"column":16},"end":{"line":71,"column":20}}]}}},"/Users/yusong/Code/comp531-web-development/hw5/src/actions/followingActions.js":{"path":"/Users/yusong/Code/comp531-web-development/hw5/src/actions/followingActions.js","s":{"1":1,"2":1,"3":1,"4":1,"5":0,"6":1,"7":0,"8":1,"9":0,"10":0,"11":0,"12":0,"13":0,"14":0,"15":0,"16":0,"17":0,"18":0,"19":1,"20":0,"21":0,"22":0,"23":0,"24":0,"25":0,"26":0,"27":0},"b":{"1":[0,0]},"f":{"1":0,"2":0,"3":0,"4":0,"5":0,"6":0,"7":0,"8":0,"9":0,"10":0,"11":0,"12":0,"13":0,"14":0},"fnMap":{"1":{"name":"addFriend","line":10,"loc":{"start":{"line":6,"column":25},"end":{"line":6,"column":37}}},"2":{"name":"updateFollowings","line":18,"loc":{"start":{"line":13,"column":32},"end":{"line":13,"column":48}}},"3":{"name":"fetchFriendProfile","line":25,"loc":{"start":{"line":21,"column":34},"end":{"line":21,"column":46}}},"4":{"name":"(anonymous_4)","line":29,"loc":{"start":{"line":26,"column":14},"end":{"line":26,"column":21}}},"5":{"name":"(anonymous_5)","line":31,"loc":{"start":{"line":30,"column":15},"end":{"line":30,"column":24}}},"6":{"name":"(anonymous_6)","line":34,"loc":{"start":{"line":34,"column":14},"end":{"line":34,"column":21}}},"7":{"name":"(anonymous_7)","line":36,"loc":{"start":{"line":38,"column":15},"end":{"line":38,"column":24}}},"8":{"name":"(anonymous_8)","line":39,"loc":{"start":{"line":41,"column":11},"end":{"line":41,"column":25}}},"9":{"name":"(anonymous_9)","line":40,"loc":{"start":{"line":42,"column":35},"end":{"line":42,"column":41}}},"10":{"name":"fetchFollowings","line":46,"loc":{"start":{"line":48,"column":31},"end":{"line":48,"column":43}}},"11":{"name":"(anonymous_11)","line":48,"loc":{"start":{"line":50,"column":11},"end":{"line":50,"column":25}}},"12":{"name":"(anonymous_12)","line":49,"loc":{"start":{"line":52,"column":18},"end":{"line":52,"column":25}}},"13":{"name":"(anonymous_13)","line":51,"loc":{"start":{"line":54,"column":41},"end":{"line":54,"column":49}}},"14":{"name":"(anonymous_14)","line":55,"loc":{"start":{"line":61,"column":19},"end":{"line":61,"column":28}}}},"statementMap":{"1":{"start":{"line":0,"column":0},"end":{"line":0,"column":0},"skip":true},"2":{"start":{"line":0,"column":0},"end":{"line":0,"column":0},"skip":true},"3":{"start":{"line":4,"column":0},"end":{"line":4,"column":0}},"4":{"start":{"line":0,"column":0},"end":{"line":0,"column":0},"skip":true},"5":{"start":{"line":7,"column":4},"end":{"line":7,"column":4}},"6":{"start":{"line":13,"column":7},"end":{"line":13,"column":7}},"7":{"start":{"line":14,"column":4},"end":{"line":14,"column":4}},"8":{"start":{"line":21,"column":7},"end":{"line":21,"column":7}},"9":{"start":{"line":24,"column":4},"end":{"line":24,"column":4}},"10":{"start":{"line":25,"column":4},"end":{"line":25,"column":4}},"11":{"start":{"line":27,"column":16},"end":{"line":27,"column":16}},"12":{"start":{"line":31,"column":12},"end":{"line":31,"column":12}},"13":{"start":{"line":33,"column":4},"end":{"line":33,"column":4}},"14":{"start":{"line":35,"column":16},"end":{"line":35,"column":16}},"15":{"start":{"line":39,"column":12},"end":{"line":39,"column":12}},"16":{"start":{"line":41,"column":4},"end":{"line":41,"column":4}},"17":{"start":{"line":42,"column":8},"end":{"line":42,"column":8}},"18":{"start":{"line":43,"column":12},"end":{"line":43,"column":12}},"19":{"start":{"line":48,"column":7},"end":{"line":48,"column":7}},"20":{"start":{"line":49,"column":4},"end":{"line":49,"column":4}},"21":{"start":{"line":50,"column":4},"end":{"line":50,"column":4}},"22":{"start":{"line":51,"column":8},"end":{"line":51,"column":8}},"23":{"start":{"line":53,"column":16},"end":{"line":53,"column":16}},"24":{"start":{"line":54,"column":16},"end":{"line":54,"column":16}},"25":{"start":{"line":55,"column":20},"end":{"line":55,"column":20}},"26":{"start":{"line":57,"column":16},"end":{"line":57,"column":16}},"27":{"start":{"line":62,"column":16},"end":{"line":62,"column":16}}},"branchMap":{"1":{"line":47,"type":"cond-expr","locations":[{"start":{"line":49,"column":21},"end":{"line":49,"column":21}},{"start":{"line":49,"column":56},"end":{"line":49,"column":4}}]}}},"/Users/yusong/Code/comp531-web-development/hw5/src/actions/authActions.spec.js":{"path":"/Users/yusong/Code/comp531-web-development/hw5/src/actions/authActions.spec.js","s":{"1":1,"2":1,"3":1,"4":1,"5":1,"6":1,"7":2,"8":1,"9":0,"10":0,"11":0,"12":0,"13":0,"14":0,"15":0,"16":0,"17":0,"18":0,"19":0,"20":0,"21":0,"22":0,"23":0,"24":0,"25":0,"26":0,"27":0,"28":0,"29":0,"30":0,"31":0,"32":0,"33":0,"34":0,"35":0,"36":0,"37":0,"38":0,"39":0,"40":0,"41":0,"42":0,"43":0,"44":0,"45":0,"46":0,"47":0,"48":0,"49":0},"b":{"1":[0,2],"2":[2,2],"3":[0,0],"4":[0,0],"5":[0],"6":[0],"7":[0]},"f":{"1":2,"2":0,"3":0,"4":0,"5":0,"6":0,"7":0,"8":0,"9":0,"10":0},"fnMap":{"1":{"name":"_interopRequireDefault","line":13,"loc":{"start":{"line":0,"column":0},"end":{"line":0,"column":0},"skip":true},"skip":true},"2":{"name":"(anonymous_2)","line":15,"loc":{"start":{"line":5,"column":31},"end":{"line":5,"column":37}}},"3":{"name":"(anonymous_3)","line":21,"loc":{"start":{"line":7,"column":15},"end":{"line":7,"column":21}}},"4":{"name":"(anonymous_4)","line":35,"loc":{"start":{"line":22,"column":14},"end":{"line":22,"column":20}}},"5":{"name":"(anonymous_5)","line":42,"loc":{"start":{"line":29,"column":33},"end":{"line":29,"column":43}}},"6":{"name":"(anonymous_6)","line":53,"loc":{"start":{"line":41,"column":12},"end":{"line":41,"column":24}}},"7":{"name":"(anonymous_7)","line":63,"loc":{"start":{"line":52,"column":46},"end":{"line":52,"column":56}}},"8":{"name":"(anonymous_8)","line":74,"loc":{"start":{"line":64,"column":12},"end":{"line":64,"column":24}}},"9":{"name":"(anonymous_9)","line":87,"loc":{"start":{"line":78,"column":35},"end":{"line":78,"column":45}}},"10":{"name":"(anonymous_10)","line":93,"loc":{"start":{"line":85,"column":12},"end":{"line":85,"column":24}}}},"statementMap":{"1":{"start":{"line":1,"column":-15},"end":{"line":1,"column":-15}},"2":{"start":{"line":2,"column":0},"end":{"line":2,"column":0}},"3":{"start":{"line":0,"column":0},"end":{"line":0,"column":0},"skip":true},"4":{"start":{"line":3,"column":0},"end":{"line":3,"column":0}},"5":{"start":{"line":0,"column":0},"end":{"line":0,"column":0},"skip":true},"6":{"start":{"line":0,"column":0},"end":{"line":0,"column":0},"skip":true},"7":{"start":{"line":0,"column":0},"end":{"line":0,"column":0},"skip":true},"8":{"start":{"line":5,"column":0},"end":{"line":5,"column":0}},"9":{"start":{"line":6,"column":4},"end":{"line":6,"column":4}},"10":{"start":{"line":7,"column":4},"end":{"line":7,"column":4}},"11":{"start":{"line":8,"column":8},"end":{"line":19,"column":9}},"12":{"start":{"line":9,"column":12},"end":{"line":9,"column":12}},"13":{"start":{"line":10,"column":12},"end":{"line":10,"column":12}},"14":{"start":{"line":11,"column":12},"end":{"line":11,"column":12}},"15":{"start":{"line":12,"column":12},"end":{"line":12,"column":12}},"16":{"start":{"line":13,"column":12},"end":{"line":13,"column":12}},"17":{"start":{"line":14,"column":12},"end":{"line":14,"column":12}},"18":{"start":{"line":15,"column":12},"end":{"line":15,"column":12}},"19":{"start":{"line":16,"column":12},"end":{"line":16,"column":12}},"20":{"start":{"line":17,"column":12},"end":{"line":17,"column":12}},"21":{"start":{"line":22,"column":4},"end":{"line":22,"column":4}},"22":{"start":{"line":23,"column":8},"end":{"line":26,"column":9}},"23":{"start":{"line":24,"column":12},"end":{"line":24,"column":12}},"24":{"start":{"line":25,"column":12},"end":{"line":25,"column":12}},"25":{"start":{"line":29,"column":4},"end":{"line":29,"column":4}},"26":{"start":{"line":31,"column":8},"end":{"line":31,"column":8}},"27":{"start":{"line":32,"column":8},"end":{"line":32,"column":8}},"28":{"start":{"line":34,"column":8},"end":{"line":34,"column":8}},"29":{"start":{"line":40,"column":8},"end":{"line":40,"column":8}},"30":{"start":{"line":42,"column":16},"end":{"line":42,"column":16}},"31":{"start":{"line":44,"column":24},"end":{"line":44,"column":24}},"32":{"start":{"line":45,"column":24},"end":{"line":45,"column":24}},"33":{"start":{"line":49,"column":8},"end":{"line":49,"column":8}},"34":{"start":{"line":52,"column":4},"end":{"line":52,"column":4}},"35":{"start":{"line":54,"column":8},"end":{"line":54,"column":8}},"36":{"start":{"line":55,"column":8},"end":{"line":55,"column":8}},"37":{"start":{"line":57,"column":8},"end":{"line":57,"column":8}},"38":{"start":{"line":63,"column":8},"end":{"line":63,"column":8}},"39":{"start":{"line":65,"column":16},"end":{"line":65,"column":16}},"40":{"start":{"line":67,"column":24},"end":{"line":67,"column":24}},"41":{"start":{"line":71,"column":24},"end":{"line":71,"column":24}},"42":{"start":{"line":75,"column":8},"end":{"line":75,"column":8}},"43":{"start":{"line":78,"column":4},"end":{"line":78,"column":4}},"44":{"start":{"line":80,"column":8},"end":{"line":80,"column":8}},"45":{"start":{"line":84,"column":8},"end":{"line":84,"column":8}},"46":{"start":{"line":86,"column":16},"end":{"line":86,"column":16}},"47":{"start":{"line":88,"column":24},"end":{"line":88,"column":24}},"48":{"start":{"line":89,"column":24},"end":{"line":89,"column":24}},"49":{"start":{"line":93,"column":8},"end":{"line":93,"column":8}}},"branchMap":{"1":{"line":13,"type":"cond-expr","locations":[{"start":{"line":0,"column":0},"end":{"line":0,"column":0},"skip":true},{"start":{"line":0,"column":0},"end":{"line":0,"column":0},"skip":true}]},"2":{"line":13,"type":"binary-expr","locations":[{"start":{"line":0,"column":0},"end":{"line":0,"column":0},"skip":true},{"start":{"line":0,"column":0},"end":{"line":0,"column":0},"skip":true}]},"3":{"line":22,"type":"if","locations":[{"start":{"line":8,"column":8},"end":{"line":8,"column":8}},{"start":{"line":8,"column":8},"end":{"line":8,"column":8}}]},"4":{"line":36,"type":"if","locations":[{"start":{"line":23,"column":8},"end":{"line":23,"column":8}},{"start":{"line":23,"column":8},"end":{"line":23,"column":8}}]},"5":{"line":54,"type":"switch","locations":[{"start":{"line":43,"column":20},"end":{"line":45,"column":24}}]},"6":{"line":75,"type":"switch","locations":[{"start":{"line":66,"column":20},"end":{"line":71,"column":24}}]},"7":{"line":94,"type":"switch","locations":[{"start":{"line":87,"column":20},"end":{"line":89,"column":24}}]}}},"/Users/yusong/Code/comp531-web-development/hw5/src/actions/profileActions.spec.js":{"path":"/Users/yusong/Code/comp531-web-development/hw5/src/actions/profileActions.spec.js","s":{"1":1,"2":1,"3":1,"4":1,"5":1,"6":1,"7":2,"8":1,"9":0,"10":0,"11":0,"12":0,"13":0,"14":0,"15":0,"16":0,"17":0,"18":0,"19":0,"20":0,"21":0,"22":0,"23":0,"24":0,"25":0,"26":0,"27":0,"28":0,"29":0,"30":0,"31":0,"32":0,"33":0,"34":0,"35":0,"36":0,"37":0,"38":0,"39":0},"b":{"1":[0,2],"2":[2,2],"3":[0,0],"4":[0,0]},"f":{"1":2,"2":0,"3":0,"4":0,"5":0,"6":0,"7":0,"8":0},"fnMap":{"1":{"name":"_interopRequireDefault","line":13,"loc":{"start":{"line":0,"column":0},"end":{"line":0,"column":0},"skip":true},"skip":true},"2":{"name":"(anonymous_2)","line":15,"loc":{"start":{"line":5,"column":37},"end":{"line":5,"column":43}}},"3":{"name":"(anonymous_3)","line":20,"loc":{"start":{"line":7,"column":15},"end":{"line":7,"column":21}}},"4":{"name":"(anonymous_4)","line":33,"loc":{"start":{"line":21,"column":14},"end":{"line":21,"column":20}}},"5":{"name":"(anonymous_5)","line":40,"loc":{"start":{"line":28,"column":54},"end":{"line":28,"column":64}}},"6":{"name":"(anonymous_6)","line":50,"loc":{"start":{"line":41,"column":12},"end":{"line":41,"column":24}}},"7":{"name":"(anonymous_7)","line":57,"loc":{"start":{"line":49,"column":33},"end":{"line":49,"column":43}}},"8":{"name":"(anonymous_8)","line":68,"loc":{"start":{"line":62,"column":12},"end":{"line":62,"column":24}}}},"statementMap":{"1":{"start":{"line":1,"column":-15},"end":{"line":1,"column":-15}},"2":{"start":{"line":2,"column":0},"end":{"line":2,"column":0}},"3":{"start":{"line":0,"column":0},"end":{"line":0,"column":0},"skip":true},"4":{"start":{"line":3,"column":0},"end":{"line":3,"column":0}},"5":{"start":{"line":0,"column":0},"end":{"line":0,"column":0},"skip":true},"6":{"start":{"line":0,"column":0},"end":{"line":0,"column":0},"skip":true},"7":{"start":{"line":0,"column":0},"end":{"line":0,"column":0},"skip":true},"8":{"start":{"line":5,"column":0},"end":{"line":5,"column":0}},"9":{"start":{"line":6,"column":4},"end":{"line":6,"column":4}},"10":{"start":{"line":7,"column":4},"end":{"line":7,"column":4}},"11":{"start":{"line":8,"column":8},"end":{"line":18,"column":9}},"12":{"start":{"line":9,"column":12},"end":{"line":9,"column":12}},"13":{"start":{"line":10,"column":12},"end":{"line":10,"column":12}},"14":{"start":{"line":11,"column":12},"end":{"line":11,"column":12}},"15":{"start":{"line":12,"column":12},"end":{"line":12,"column":12}},"16":{"start":{"line":13,"column":12},"end":{"line":13,"column":12}},"17":{"start":{"line":14,"column":12},"end":{"line":14,"column":12}},"18":{"start":{"line":15,"column":12},"end":{"line":15,"column":12}},"19":{"start":{"line":16,"column":12},"end":{"line":16,"column":12}},"20":{"start":{"line":21,"column":4},"end":{"line":21,"column":4}},"21":{"start":{"line":22,"column":8},"end":{"line":25,"column":9}},"22":{"start":{"line":23,"column":12},"end":{"line":23,"column":12}},"23":{"start":{"line":24,"column":12},"end":{"line":24,"column":12}},"24":{"start":{"line":28,"column":4},"end":{"line":28,"column":4}},"25":{"start":{"line":29,"column":8},"end":{"line":29,"column":8}},"26":{"start":{"line":30,"column":8},"end":{"line":30,"column":8}},"27":{"start":{"line":31,"column":8},"end":{"line":31,"column":8}},"28":{"start":{"line":33,"column":8},"end":{"line":33,"column":8}},"29":{"start":{"line":40,"column":8},"end":{"line":40,"column":8}},"30":{"start":{"line":42,"column":16},"end":{"line":42,"column":16}},"31":{"start":{"line":43,"column":16},"end":{"line":43,"column":16}},"32":{"start":{"line":46,"column":8},"end":{"line":46,"column":8}},"33":{"start":{"line":49,"column":4},"end":{"line":49,"column":4}},"34":{"start":{"line":50,"column":8},"end":{"line":50,"column":8}},"35":{"start":{"line":51,"column":8},"end":{"line":51,"column":8}},"36":{"start":{"line":61,"column":8},"end":{"line":61,"column":8}},"37":{"start":{"line":63,"column":16},"end":{"line":63,"column":16}},"38":{"start":{"line":64,"column":16},"end":{"line":64,"column":16}},"39":{"start":{"line":67,"column":8},"end":{"line":67,"column":8}}},"branchMap":{"1":{"line":13,"type":"cond-expr","locations":[{"start":{"line":0,"column":0},"end":{"line":0,"column":0},"skip":true},{"start":{"line":0,"column":0},"end":{"line":0,"column":0},"skip":true}]},"2":{"line":13,"type":"binary-expr","locations":[{"start":{"line":0,"column":0},"end":{"line":0,"column":0},"skip":true},{"start":{"line":0,"column":0},"end":{"line":0,"column":0},"skip":true}]},"3":{"line":21,"type":"if","locations":[{"start":{"line":8,"column":8},"end":{"line":8,"column":8}},{"start":{"line":8,"column":8},"end":{"line":8,"column":8}}]},"4":{"line":34,"type":"if","locations":[{"start":{"line":22,"column":8},"end":{"line":22,"column":8}},{"start":{"line":22,"column":8},"end":{"line":22,"column":8}}]}}},"/Users/yusong/Code/comp531-web-development/hw5/src/components/app.js":{"path":"/Users/yusong/Code/comp531-web-development/hw5/src/components/app.js","s":{"1":1,"2":1,"3":1,"4":1,"5":1,"6":1,"7":1,"8":1,"9":1,"10":1,"11":1,"12":1,"13":1,"14":1,"15":1,"16":1,"17":1,"18":6,"19":1,"20":0,"21":0,"22":0,"23":0,"24":0,"25":0,"26":0,"27":0,"28":0,"29":1,"30":1,"31":0,"32":1,"33":1},"b":{"1":[5,1],"2":[6,6],"3":[0,0,0]},"f":{"1":6,"2":0,"3":0},"fnMap":{"1":{"name":"_interopRequireDefault","line":36,"loc":{"start":{"line":0,"column":0},"end":{"line":0,"column":0},"skip":true},"skip":true},"2":{"name":"App","line":43,"loc":{"start":{"line":16,"column":19},"end":{"line":16,"column":35}}},"3":{"name":"mapStateToProps","line":71,"loc":{"start":{"line":42,"column":24},"end":{"line":42,"column":35}}}},"statementMap":{"1":{"start":{"line":0,"column":0},"end":{"line":0,"column":0},"skip":true},"2":{"start":{"line":0,"column":0},"end":{"line":0,"column":0},"skip":true},"3":{"start":{"line":5,"column":0},"end":{"line":5,"column":0}},"4":{"start":{"line":0,"column":0},"end":{"line":0,"column":0},"skip":true},"5":{"start":{"line":6,"column":0},"end":{"line":6,"column":0}},"6":{"start":{"line":7,"column":0},"end":{"line":7,"column":0}},"7":{"start":{"line":9,"column":0},"end":{"line":9,"column":0}},"8":{"start":{"line":0,"column":0},"end":{"line":0,"column":0},"skip":true},"9":{"start":{"line":10,"column":0},"end":{"line":10,"column":0}},"10":{"start":{"line":0,"column":0},"end":{"line":0,"column":0},"skip":true},"11":{"start":{"line":11,"column":0},"end":{"line":11,"column":0}},"12":{"start":{"line":0,"column":0},"end":{"line":0,"column":0},"skip":true},"13":{"start":{"line":12,"column":0},"end":{"line":12,"column":0}},"14":{"start":{"line":0,"column":0},"end":{"line":0,"column":0},"skip":true},"15":{"start":{"line":13,"column":0},"end":{"line":13,"column":0}},"16":{"start":{"line":0,"column":0},"end":{"line":0,"column":0},"skip":true},"17":{"start":{"line":0,"column":0},"end":{"line":0,"column":0},"skip":true},"18":{"start":{"line":0,"column":0},"end":{"line":0,"column":0},"skip":true},"19":{"start":{"line":16,"column":7},"end":{"line":16,"column":7}},"20":{"start":{"line":16,"column":35},"end":{"line":16,"column":35}},"21":{"start":{"line":18,"column":4},"end":{"line":18,"column":4}},"22":{"start":{"line":19,"column":4},"end":{"line":19,"column":4}},"23":{"start":{"line":21,"column":12},"end":{"line":21,"column":12}},"24":{"start":{"line":22,"column":12},"end":{"line":22,"column":12}},"25":{"start":{"line":24,"column":12},"end":{"line":24,"column":12}},"26":{"start":{"line":25,"column":12},"end":{"line":25,"column":12}},"27":{"start":{"line":27,"column":12},"end":{"line":27,"column":12}},"28":{"start":{"line":29,"column":4},"end":{"line":29,"column":4}},"29":{"start":{"line":38,"column":0},"end":{"line":38,"column":0}},"30":{"start":{"line":42,"column":0},"end":{"line":42,"column":0}},"31":{"start":{"line":43,"column":4},"end":{"line":43,"column":4}},"32":{"start":{"line":48,"column":0},"end":{"line":48,"column":0}},"33":{"start":{"line":0,"column":0},"end":{"line":0,"column":0},"skip":true}},"branchMap":{"1":{"line":36,"type":"cond-expr","locations":[{"start":{"line":0,"column":0},"end":{"line":0,"column":0},"skip":true},{"start":{"line":0,"column":0},"end":{"line":0,"column":0},"skip":true}]},"2":{"line":36,"type":"binary-expr","locations":[{"start":{"line":0,"column":0},"end":{"line":0,"column":0},"skip":true},{"start":{"line":0,"column":0},"end":{"line":0,"column":0},"skip":true}]},"3":{"line":48,"type":"switch","locations":[{"start":{"line":20,"column":8},"end":{"line":22,"column":12}},{"start":{"line":23,"column":8},"end":{"line":25,"column":12}},{"start":{"line":26,"column":8},"end":{"line":27,"column":12}}]}}},"/Users/yusong/Code/comp531-web-development/hw5/src/components/main/main.js":{"path":"/Users/yusong/Code/comp531-web-development/hw5/src/components/main/main.js","s":{"1":1,"2":1,"3":1,"4":1,"5":1,"6":1,"7":1,"8":1,"9":1,"10":1,"11":1,"12":1,"13":1,"14":5,"15":1,"16":0,"17":1},"b":{"1":[4,1],"2":[5,5]},"f":{"1":5,"2":0},"fnMap":{"1":{"name":"_interopRequireDefault","line":28,"loc":{"start":{"line":0,"column":0},"end":{"line":0,"column":0},"skip":true},"skip":true},"2":{"name":"Main","line":30,"loc":{"start":{"line":12,"column":20},"end":{"line":12,"column":20}}}},"statementMap":{"1":{"start":{"line":0,"column":0},"end":{"line":0,"column":0},"skip":true},"2":{"start":{"line":0,"column":0},"end":{"line":0,"column":0},"skip":true},"3":{"start":{"line":4,"column":0},"end":{"line":4,"column":0}},"4":{"start":{"line":0,"column":0},"end":{"line":0,"column":0},"skip":true},"5":{"start":{"line":6,"column":0},"end":{"line":6,"column":0}},"6":{"start":{"line":0,"column":0},"end":{"line":0,"column":0},"skip":true},"7":{"start":{"line":7,"column":0},"end":{"line":7,"column":0}},"8":{"start":{"line":0,"column":0},"end":{"line":0,"column":0},"skip":true},"9":{"start":{"line":8,"column":0},"end":{"line":8,"column":0}},"10":{"start":{"line":0,"column":0},"end":{"line":0,"column":0},"skip":true},"11":{"start":{"line":9,"column":0},"end":{"line":9,"column":0}},"12":{"start":{"line":0,"column":0},"end":{"line":0,"column":0},"skip":true},"13":{"start":{"line":0,"column":0},"end":{"line":0,"column":0},"skip":true},"14":{"start":{"line":0,"column":0},"end":{"line":0,"column":0},"skip":true},"15":{"start":{"line":0,"column":0},"end":{"line":0,"column":0},"skip":true},"16":{"start":{"line":12,"column":20},"end":{"line":12,"column":20}},"17":{"start":{"line":0,"column":0},"end":{"line":0,"column":0},"skip":true}},"branchMap":{"1":{"line":28,"type":"cond-expr","locations":[{"start":{"line":0,"column":0},"end":{"line":0,"column":0},"skip":true},{"start":{"line":0,"column":0},"end":{"line":0,"column":0},"skip":true}]},"2":{"line":28,"type":"binary-expr","locations":[{"start":{"line":0,"column":0},"end":{"line":0,"column":0},"skip":true},{"start":{"line":0,"column":0},"end":{"line":0,"column":0},"skip":true}]}}},"/Users/yusong/Code/comp531-web-development/hw5/src/components/article/newPost.js":{"path":"/Users/yusong/Code/comp531-web-development/hw5/src/components/article/newPost.js","s":{"1":1,"2":1,"3":1,"4":1,"5":1,"6":1,"7":1,"8":1,"9":1,"10":1,"11":0,"12":0,"13":0,"14":0,"15":0,"16":0,"17":1,"18":1,"19":0,"20":0},"b":{"1":[0,1],"2":[1,1]},"f":{"1":1,"2":0,"3":0,"4":0,"5":0,"6":0},"fnMap":{"1":{"name":"_interopRequireDefault","line":18,"loc":{"start":{"line":0,"column":0},"end":{"line":0,"column":0},"skip":true},"skip":true},"2":{"name":"NewPost","line":24,"loc":{"start":{"line":10,"column":23},"end":{"line":10,"column":42}}},"3":{"name":"ref","line":51,"loc":{"start":{"line":22,"column":39},"end":{"line":22,"column":47}}},"4":{"name":"onClick","line":57,"loc":{"start":{"line":24,"column":55},"end":{"line":24,"column":61}}},"5":{"name":"(anonymous_5)","line":72,"loc":{"start":{"line":44,"column":4},"end":{"line":44,"column":18}}},"6":{"name":"_addArticle","line":74,"loc":{"start":{"line":46,"column":25},"end":{"line":46,"column":35}}}},"statementMap":{"1":{"start":{"line":0,"column":0},"end":{"line":0,"column":0},"skip":true},"2":{"start":{"line":0,"column":0},"end":{"line":0,"column":0},"skip":true},"3":{"start":{"line":5,"column":0},"end":{"line":5,"column":0}},"4":{"start":{"line":0,"column":0},"end":{"line":0,"column":0},"skip":true},"5":{"start":{"line":6,"column":0},"end":{"line":6,"column":0}},"6":{"start":{"line":7,"column":0},"end":{"line":7,"column":0}},"7":{"start":{"line":8,"column":0},"end":{"line":8,"column":0}},"8":{"start":{"line":0,"column":0},"end":{"line":0,"column":0},"skip":true},"9":{"start":{"line":0,"column":0},"end":{"line":0,"column":0},"skip":true},"10":{"start":{"line":10,"column":7},"end":{"line":10,"column":7}},"11":{"start":{"line":10,"column":42},"end":{"line":10,"column":42}},"12":{"start":{"line":11,"column":4},"end":{"line":11,"column":4}},"13":{"start":{"line":12,"column":4},"end":{"line":12,"column":4}},"14":{"start":{"line":22,"column":49},"end":{"line":22,"column":49}},"15":{"start":{"line":25,"column":24},"end":{"line":25,"column":24}},"16":{"start":{"line":26,"column":24},"end":{"line":26,"column":24}},"17":{"start":{"line":37,"column":0},"end":{"line":37,"column":0}},"18":{"start":{"line":0,"column":0},"end":{"line":0,"column":0},"skip":true},"19":{"start":{"line":45,"column":8},"end":{"line":45,"column":8}},"20":{"start":{"line":47,"column":16},"end":{"line":47,"column":16}}},"branchMap":{"1":{"line":18,"type":"cond-expr","locations":[{"start":{"line":0,"column":0},"end":{"line":0,"column":0},"skip":true},{"start":{"line":0,"column":0},"end":{"line":0,"column":0},"skip":true}]},"2":{"line":18,"type":"binary-expr","locations":[{"start":{"line":0,"column":0},"end":{"line":0,"column":0},"skip":true},{"start":{"line":0,"column":0},"end":{"line":0,"column":0},"skip":true}]}}},"/Users/yusong/Code/comp531-web-development/hw5/src/components/main/headline.js":{"path":"/Users/yusong/Code/comp531-web-development/hw5/src/components/main/headline.js","s":{"1":1,"2":1,"3":1,"4":1,"5":1,"6":1,"7":1,"8":1,"9":1,"10":1,"11":3,"12":1,"13":0,"14":0,"15":1,"16":1,"17":0,"18":1,"19":0,"20":0,"21":1},"b":{"1":[2,1],"2":[3,3]},"f":{"1":3,"2":0,"3":0,"4":0,"5":0},"fnMap":{"1":{"name":"_interopRequireDefault","line":23,"loc":{"start":{"line":0,"column":0},"end":{"line":0,"column":0},"skip":true},"skip":true},"2":{"name":"Headline","line":25,"loc":{"start":{"line":12,"column":17},"end":{"line":12,"column":17}}},"3":{"name":"mapStateToProps","line":61,"loc":{"start":{"line":34,"column":24},"end":{"line":34,"column":35}}},"4":{"name":"mapDispatchToProps","line":69,"loc":{"start":{"line":42,"column":27},"end":{"line":42,"column":41}}},"5":{"name":"updateHeadline","line":71,"loc":{"start":{"line":44,"column":24},"end":{"line":44,"column":34}}}},"statementMap":{"1":{"start":{"line":0,"column":0},"end":{"line":0,"column":0},"skip":true},"2":{"start":{"line":5,"column":0},"end":{"line":5,"column":0}},"3":{"start":{"line":0,"column":0},"end":{"line":0,"column":0},"skip":true},"4":{"start":{"line":6,"column":0},"end":{"line":6,"column":0}},"5":{"start":{"line":8,"column":0},"end":{"line":8,"column":0}},"6":{"start":{"line":9,"column":0},"end":{"line":9,"column":0}},"7":{"start":{"line":0,"column":0},"end":{"line":0,"column":0},"skip":true},"8":{"start":{"line":10,"column":0},"end":{"line":10,"column":0}},"9":{"start":{"line":0,"column":0},"end":{"line":0,"column":0},"skip":true},"10":{"start":{"line":0,"column":0},"end":{"line":0,"column":0},"skip":true},"11":{"start":{"line":0,"column":0},"end":{"line":0,"column":0},"skip":true},"12":{"start":{"line":0,"column":0},"end":{"line":0,"column":0},"skip":true},"13":{"start":{"line":12,"column":17},"end":{"line":12,"column":17}},"14":{"start":{"line":12,"column":17},"end":{"line":12,"column":17}},"15":{"start":{"line":27,"column":0},"end":{"line":27,"column":0}},"16":{"start":{"line":34,"column":0},"end":{"line":34,"column":0}},"17":{"start":{"line":35,"column":4},"end":{"line":35,"column":4}},"18":{"start":{"line":42,"column":0},"end":{"line":42,"column":0}},"19":{"start":{"line":43,"column":4},"end":{"line":43,"column":4}},"20":{"start":{"line":45,"column":12},"end":{"line":45,"column":12}},"21":{"start":{"line":0,"column":0},"end":{"line":0,"column":0},"skip":true}},"branchMap":{"1":{"line":23,"type":"cond-expr","locations":[{"start":{"line":0,"column":0},"end":{"line":0,"column":0},"skip":true},{"start":{"line":0,"column":0},"end":{"line":0,"column":0},"skip":true}]},"2":{"line":23,"type":"binary-expr","locations":[{"start":{"line":0,"column":0},"end":{"line":0,"column":0},"skip":true},{"start":{"line":0,"column":0},"end":{"line":0,"column":0},"skip":true}]}}},"/Users/yusong/Code/comp531-web-development/hw5/src/components/main/headlineForm.js":{"path":"/Users/yusong/Code/comp531-web-development/hw5/src/components/main/headlineForm.js","s":{"1":1,"2":1,"3":1,"4":1,"5":1,"6":1,"7":1,"8":1,"9":1,"10":1,"11":1,"12":1,"13":1,"14":1,"15":0,"16":1,"17":1,"18":1,"19":1,"20":1,"21":1,"22":1,"23":1,"24":1,"25":1,"26":0,"27":0,"28":0,"29":0,"30":0,"31":0,"32":0,"33":1,"34":1,"35":1,"36":0,"37":0,"38":1,"39":0,"40":0,"41":0,"42":1,"43":1,"44":0,"45":1,"46":1,"47":1,"48":1,"49":1,"50":1,"51":0,"52":0,"53":0,"54":0,"55":0,"56":0,"57":0,"58":1,"59":0,"60":1,"61":1,"62":1},"b":{"1":[1,1],"2":[1,0],"3":[1,0],"4":[0,1],"5":[1,0],"6":[1,1],"7":[0,0],"8":[0,0],"9":[0,1],"10":[1,1],"11":[0,0],"12":[0,0],"13":[0,0],"14":[0,0,0],"15":[0,1],"16":[1,0],"17":[1,1],"18":[1,0],"19":[1,0],"20":[0,0]},"f":{"1":1,"2":1,"3":1,"4":1,"5":1,"6":0,"7":0,"8":1,"9":1,"10":0,"11":0,"12":0},"fnMap":{"1":{"name":"(anonymous_1)","line":7,"loc":{"start":{"line":0,"column":0},"end":{"line":0,"column":0},"skip":true},"skip":true},"2":{"name":"defineProperties","line":7,"loc":{"start":{"line":0,"column":0},"end":{"line":0,"column":0},"skip":true},"skip":true},"3":{"name":"(anonymous_3)","line":7,"loc":{"start":{"line":0,"column":0},"end":{"line":0,"column":0},"skip":true},"skip":true},"4":{"name":"_interopRequireWildcard","line":21,"loc":{"start":{"line":0,"column":0},"end":{"line":0,"column":0},"skip":true},"skip":true},"5":{"name":"_interopRequireDefault","line":23,"loc":{"start":{"line":0,"column":0},"end":{"line":0,"column":0},"skip":true},"skip":true},"6":{"name":"_classCallCheck","line":25,"loc":{"start":{"line":0,"column":0},"end":{"line":0,"column":0},"skip":true},"skip":true},"7":{"name":"_possibleConstructorReturn","line":27,"loc":{"start":{"line":0,"column":0},"end":{"line":0,"column":0},"skip":true},"skip":true},"8":{"name":"_inherits","line":29,"loc":{"start":{"line":0,"column":0},"end":{"line":0,"column":0},"skip":true},"skip":true},"9":{"name":"(anonymous_9)","line":33,"loc":{"start":{"line":0,"column":0},"end":{"line":0,"column":0},"skip":true},"skip":true},"10":{"name":"HeadlineForm","line":36,"loc":{"start":{"line":0,"column":0},"end":{"line":0,"column":0},"skip":true},"skip":true},"11":{"name":"(anonymous_11)","line":47,"loc":{"start":{"line":11,"column":23},"end":{"line":11,"column":35}}},"12":{"name":"render","line":56,"loc":{"start":{"line":0,"column":0},"end":{"line":0,"column":0},"skip":true},"skip":true}},"statementMap":{"1":{"start":{"line":0,"column":0},"end":{"line":0,"column":0},"skip":true},"2":{"start":{"line":0,"column":0},"end":{"line":0,"column":0},"skip":true},"3":{"start":{"line":0,"column":0},"end":{"line":0,"column":0},"skip":true},"4":{"start":{"line":0,"column":0},"end":{"line":0,"column":0},"skip":true},"5":{"start":{"line":0,"column":0},"end":{"line":0,"column":0},"skip":true},"6":{"start":{"line":0,"column":0},"end":{"line":0,"column":0},"skip":true},"7":{"start":{"line":0,"column":0},"end":{"line":0,"column":0},"skip":true},"8":{"start":{"line":0,"column":0},"end":{"line":0,"column":0},"skip":true},"9":{"start":{"line":0,"column":0},"end":{"line":0,"column":0},"skip":true},"10":{"start":{"line":0,"column":0},"end":{"line":0,"column":0},"skip":true},"11":{"start":{"line":0,"column":0},"end":{"line":0,"column":0},"skip":true},"12":{"start":{"line":0,"column":0},"end":{"line":0,"column":0},"skip":true},"13":{"start":{"line":0,"column":0},"end":{"line":0,"column":0},"skip":true},"14":{"start":{"line":0,"column":0},"end":{"line":0,"column":0},"skip":true},"15":{"start":{"line":0,"column":0},"end":{"line":0,"column":0},"skip":true},"16":{"start":{"line":0,"column":0},"end":{"line":0,"column":0},"skip":true},"17":{"start":{"line":5,"column":0},"end":{"line":5,"column":0}},"18":{"start":{"line":0,"column":0},"end":{"line":0,"column":0},"skip":true},"19":{"start":{"line":6,"column":0},"end":{"line":6,"column":0}},"20":{"start":{"line":7,"column":0},"end":{"line":7,"column":0}},"21":{"start":{"line":8,"column":0},"end":{"line":8,"column":0}},"22":{"start":{"line":0,"column":0},"end":{"line":0,"column":0},"skip":true},"23":{"start":{"line":0,"column":0},"end":{"line":0,"column":0},"skip":true},"24":{"start":{"line":0,"column":0},"end":{"line":0,"column":0},"skip":true},"25":{"start":{"line":0,"column":0},"end":{"line":0,"column":0},"skip":true},"26":{"start":{"line":0,"column":0},"end":{"line":0,"column":0},"skip":true},"27":{"start":{"line":0,"column":0},"end":{"line":0,"column":0},"skip":true},"28":{"start":{"line":0,"column":0},"end":{"line":0,"column":0},"skip":true},"29":{"start":{"line":0,"column":0},"end":{"line":0,"column":0},"skip":true},"30":{"start":{"line":0,"column":0},"end":{"line":0,"column":0},"skip":true},"31":{"start":{"line":0,"column":0},"end":{"line":0,"column":0},"skip":true},"32":{"start":{"line":0,"column":0},"end":{"line":0,"column":0},"skip":true},"33":{"start":{"line":0,"column":0},"end":{"line":0,"column":0},"skip":true},"34":{"start":{"line":0,"column":0},"end":{"line":0,"column":0},"skip":true},"35":{"start":{"line":0,"column":0},"end":{"line":0,"column":0},"skip":true},"36":{"start":{"line":0,"column":0},"end":{"line":0,"column":0},"skip":true},"37":{"start":{"line":0,"column":0},"end":{"line":0,"column":0},"skip":true},"38":{"start":{"line":0,"column":0},"end":{"line":0,"column":0},"skip":true},"39":{"start":{"line":0,"column":0},"end":{"line":0,"column":0},"skip":true},"40":{"start":{"line":0,"column":0},"end":{"line":0,"column":0},"skip":true},"41":{"start":{"line":0,"column":0},"end":{"line":0,"column":0},"skip":true},"42":{"start":{"line":0,"column":0},"end":{"line":0,"column":0},"skip":true},"43":{"start":{"line":0,"column":0},"end":{"line":0,"column":0},"skip":true},"44":{"start":{"line":0,"column":0},"end":{"line":0,"column":0},"skip":true},"45":{"start":{"line":0,"column":0},"end":{"line":0,"column":0},"skip":true},"46":{"start":{"line":0,"column":0},"end":{"line":0,"column":0},"skip":true},"47":{"start":{"line":0,"column":0},"end":{"line":0,"column":0},"skip":true},"48":{"start":{"line":0,"column":0},"end":{"line":0,"column":0},"skip":true},"49":{"start":{"line":0,"column":0},"end":{"line":0,"column":0},"skip":true},"50":{"start":{"line":0,"column":0},"end":{"line":0,"column":0},"skip":true},"51":{"start":{"line":0,"column":0},"end":{"line":0,"column":0},"skip":true},"52":{"start":{"line":0,"column":0},"end":{"line":0,"column":0},"skip":true},"53":{"start":{"line":0,"column":0},"end":{"line":0,"column":0},"skip":true},"54":{"start":{"line":0,"column":0},"end":{"line":0,"column":0},"skip":true},"55":{"start":{"line":0,"column":0},"end":{"line":0,"column":0},"skip":true},"56":{"start":{"line":0,"column":0},"end":{"line":0,"column":0},"skip":true},"57":{"start":{"line":14,"column":8},"end":{"line":14,"column":8}},"58":{"start":{"line":0,"column":0},"end":{"line":0,"column":0},"skip":true},"59":{"start":{"line":18,"column":8},"end":{"line":18,"column":8}},"60":{"start":{"line":0,"column":0},"end":{"line":0,"column":0},"skip":true},"61":{"start":{"line":30,"column":0},"end":{"line":30,"column":0}},"62":{"start":{"line":0,"column":0},"end":{"line":0,"column":0},"skip":true}},"branchMap":{"1":{"line":7,"type":"binary-expr","locations":[{"start":{"line":0,"column":0},"end":{"line":0,"column":0},"skip":true},{"start":{"line":0,"column":0},"end":{"line":0,"column":0},"skip":true}]},"2":{"line":7,"type":"if","locations":[{"start":{"line":0,"column":0},"end":{"line":0,"column":0},"skip":true},{"start":{"line":0,"column":0},"end":{"line":0,"column":0},"skip":true}]},"3":{"line":7,"type":"if","locations":[{"start":{"line":0,"column":0},"end":{"line":0,"column":0},"skip":true},{"start":{"line":0,"column":0},"end":{"line":0,"column":0},"skip":true}]},"4":{"line":7,"type":"if","locations":[{"start":{"line":0,"column":0},"end":{"line":0,"column":0},"skip":true},{"start":{"line":0,"column":0},"end":{"line":0,"column":0},"skip":true}]},"5":{"line":21,"type":"if","locations":[{"start":{"line":0,"column":0},"end":{"line":0,"column":0},"skip":true},{"start":{"line":0,"column":0},"end":{"line":0,"column":0},"skip":true}]},"6":{"line":21,"type":"binary-expr","locations":[{"start":{"line":0,"column":0},"end":{"line":0,"column":0},"skip":true},{"start":{"line":0,"column":0},"end":{"line":0,"column":0},"skip":true}]},"7":{"line":21,"type":"if","locations":[{"start":{"line":0,"column":0},"end":{"line":0,"column":0},"skip":true},{"start":{"line":0,"column":0},"end":{"line":0,"column":0},"skip":true}]},"8":{"line":21,"type":"if","locations":[{"start":{"line":0,"column":0},"end":{"line":0,"column":0},"skip":true},{"start":{"line":0,"column":0},"end":{"line":0,"column":0},"skip":true}]},"9":{"line":23,"type":"cond-expr","locations":[{"start":{"line":0,"column":0},"end":{"line":0,"column":0},"skip":true},{"start":{"line":0,"column":0},"end":{"line":0,"column":0},"skip":true}]},"10":{"line":23,"type":"binary-expr","locations":[{"start":{"line":0,"column":0},"end":{"line":0,"column":0},"skip":true},{"start":{"line":0,"column":0},"end":{"line":0,"column":0},"skip":true}]},"11":{"line":25,"type":"if","locations":[{"start":{"line":0,"column":0},"end":{"line":0,"column":0},"skip":true},{"start":{"line":0,"column":0},"end":{"line":0,"column":0},"skip":true}]},"12":{"line":27,"type":"if","locations":[{"start":{"line":0,"column":0},"end":{"line":0,"column":0},"skip":true},{"start":{"line":0,"column":0},"end":{"line":0,"column":0},"skip":true}]},"13":{"line":27,"type":"cond-expr","locations":[{"start":{"line":0,"column":0},"end":{"line":0,"column":0},"skip":true},{"start":{"line":0,"column":0},"end":{"line":0,"column":0},"skip":true}]},"14":{"line":27,"type":"binary-expr","locations":[{"start":{"line":0,"column":0},"end":{"line":0,"column":0},"skip":true},{"start":{"line":0,"column":0},"end":{"line":0,"column":0},"skip":true},{"start":{"line":0,"column":0},"end":{"line":0,"column":0},"skip":true}]},"15":{"line":29,"type":"if","locations":[{"start":{"line":0,"column":0},"end":{"line":0,"column":0},"skip":true},{"start":{"line":0,"column":0},"end":{"line":0,"column":0},"skip":true}]},"16":{"line":29,"type":"binary-expr","locations":[{"start":{"line":0,"column":0},"end":{"line":0,"column":0},"skip":true},{"start":{"line":0,"column":0},"end":{"line":0,"column":0},"skip":true}]},"17":{"line":29,"type":"binary-expr","locations":[{"start":{"line":0,"column":0},"end":{"line":0,"column":0},"skip":true},{"start":{"line":0,"column":0},"end":{"line":0,"column":0},"skip":true}]},"18":{"line":29,"type":"if","locations":[{"start":{"line":0,"column":0},"end":{"line":0,"column":0},"skip":true},{"start":{"line":0,"column":0},"end":{"line":0,"column":0},"skip":true}]},"19":{"line":29,"type":"cond-expr","locations":[{"start":{"line":0,"column":0},"end":{"line":0,"column":0},"skip":true},{"start":{"line":0,"column":0},"end":{"line":0,"column":0},"skip":true}]},"20":{"line":47,"type":"binary-expr","locations":[{"start":{"line":0,"column":0},"end":{"line":0,"column":0},"skip":true},{"start":{"line":0,"column":0},"end":{"line":0,"column":0},"skip":true}]}}},"/Users/yusong/Code/comp531-web-development/hw5/src/components/profile/avatar.js":{"path":"/Users/yusong/Code/comp531-web-development/hw5/src/components/profile/avatar.js","s":{"1":1,"2":1,"3":1,"4":1,"5":1,"6":1,"7":1,"8":0,"9":0,"10":1},"b":{"1":[0,1],"2":[1,1]},"f":{"1":1,"2":0},"fnMap":{"1":{"name":"_interopRequireDefault","line":12,"loc":{"start":{"line":0,"column":0},"end":{"line":0,"column":0},"skip":true},"skip":true},"2":{"name":"Avatar","line":14,"loc":{"start":{"line":7,"column":22},"end":{"line":7,"column":22}}}},"statementMap":{"1":{"start":{"line":0,"column":0},"end":{"line":0,"column":0},"skip":true},"2":{"start":{"line":0,"column":0},"end":{"line":0,"column":0},"skip":true},"3":{"start":{"line":5,"column":0},"end":{"line":5,"column":0}},"4":{"start":{"line":0,"column":0},"end":{"line":0,"column":0},"skip":true},"5":{"start":{"line":0,"column":0},"end":{"line":0,"column":0},"skip":true},"6":{"start":{"line":0,"column":0},"end":{"line":0,"column":0},"skip":true},"7":{"start":{"line":0,"column":0},"end":{"line":0,"column":0},"skip":true},"8":{"start":{"line":7,"column":22},"end":{"line":7,"column":22}},"9":{"start":{"line":7,"column":22},"end":{"line":7,"column":22}},"10":{"start":{"line":0,"column":0},"end":{"line":0,"column":0},"skip":true}},"branchMap":{"1":{"line":12,"type":"cond-expr","locations":[{"start":{"line":0,"column":0},"end":{"line":0,"column":0},"skip":true},{"start":{"line":0,"column":0},"end":{"line":0,"column":0},"skip":true}]},"2":{"line":12,"type":"binary-expr","locations":[{"start":{"line":0,"column":0},"end":{"line":0,"column":0},"skip":true},{"start":{"line":0,"column":0},"end":{"line":0,"column":0},"skip":true}]}}},"/Users/yusong/Code/comp531-web-development/hw5/src/components/main/allFollowings.js":{"path":"/Users/yusong/Code/comp531-web-development/hw5/src/components/main/allFollowings.js","s":{"1":1,"2":1,"3":0,"4":0,"5":0,"6":0,"7":0,"8":0,"9":1,"10":1,"11":1,"12":1,"13":1,"14":1,"15":1,"16":1,"17":3,"18":1,"19":0,"20":0,"21":0,"22":1,"23":1,"24":0},"b":{"1":[1,0],"2":[0,0],"3":[2,1],"4":[3,3]},"f":{"1":0,"2":3,"3":0,"4":0,"5":0},"fnMap":{"1":{"name":"(anonymous_1)","line":7,"loc":{"start":{"line":0,"column":0},"end":{"line":0,"column":0},"skip":true},"skip":true},"2":{"name":"_interopRequireDefault","line":25,"loc":{"start":{"line":0,"column":0},"end":{"line":0,"column":0},"skip":true},"skip":true},"3":{"name":"AllFollowings","line":27,"loc":{"start":{"line":11,"column":22},"end":{"line":11,"column":22}}},"4":{"name":"(anonymous_4)","line":35,"loc":{"start":{"line":14,"column":28},"end":{"line":14,"column":28}}},"5":{"name":"(anonymous_5)","line":52,"loc":{"start":{"line":33,"column":23},"end":{"line":33,"column":34}}}},"statementMap":{"1":{"start":{"line":0,"column":0},"end":{"line":0,"column":0},"skip":true},"2":{"start":{"line":0,"column":0},"end":{"line":0,"column":0},"skip":true},"3":{"start":{"line":0,"column":0},"end":{"line":0,"column":0},"skip":true},"4":{"start":{"line":0,"column":0},"end":{"line":0,"column":0},"skip":true},"5":{"start":{"line":0,"column":0},"end":{"line":0,"column":0},"skip":true},"6":{"start":{"line":0,"column":0},"end":{"line":0,"column":0},"skip":true},"7":{"start":{"line":0,"column":0},"end":{"line":0,"column":0},"skip":true},"8":{"start":{"line":0,"column":0},"end":{"line":0,"column":0},"skip":true},"9":{"start":{"line":5,"column":0},"end":{"line":5,"column":0}},"10":{"start":{"line":0,"column":0},"end":{"line":0,"column":0},"skip":true},"11":{"start":{"line":6,"column":0},"end":{"line":6,"column":0}},"12":{"start":{"line":8,"column":0},"end":{"line":8,"column":0}},"13":{"start":{"line":0,"column":0},"end":{"line":0,"column":0},"skip":true},"14":{"start":{"line":9,"column":0},"end":{"line":9,"column":0}},"15":{"start":{"line":0,"column":0},"end":{"line":0,"column":0},"skip":true},"16":{"start":{"line":0,"column":0},"end":{"line":0,"column":0},"skip":true},"17":{"start":{"line":0,"column":0},"end":{"line":0,"column":0},"skip":true},"18":{"start":{"line":11,"column":0},"end":{"line":11,"column":0}},"19":{"start":{"line":11,"column":22},"end":{"line":11,"column":22}},"20":{"start":{"line":11,"column":22},"end":{"line":11,"column":22}},"21":{"start":{"line":14,"column":28},"end":{"line":14,"column":28}},"22":{"start":{"line":26,"column":0},"end":{"line":26,"column":0}},"23":{"start":{"line":0,"column":0},"end":{"line":0,"column":0},"skip":true},"24":{"start":{"line":34,"column":8},"end":{"line":34,"column":8}}},"branchMap":{"1":{"line":7,"type":"binary-expr","locations":[{"start":{"line":0,"column":0},"end":{"line":0,"column":0},"skip":true},{"start":{"line":0,"column":0},"end":{"line":0,"column":0},"skip":true}]},"2":{"line":7,"type":"if","locations":[{"start":{"line":0,"column":0},"end":{"line":0,"column":0},"skip":true},{"start":{"line":0,"column":0},"end":{"line":0,"column":0},"skip":true}]},"3":{"line":25,"type":"cond-expr","locations":[{"start":{"line":0,"column":0},"end":{"line":0,"column":0},"skip":true},{"start":{"line":0,"column":0},"end":{"line":0,"column":0},"skip":true}]},"4":{"line":25,"type":"binary-expr","locations":[{"start":{"line":0,"column":0},"end":{"line":0,"column":0},"skip":true},{"start":{"line":0,"column":0},"end":{"line":0,"column":0},"skip":true}]}}},"/Users/yusong/Code/comp531-web-development/hw5/src/components/main/following.js":{"path":"/Users/yusong/Code/comp531-web-development/hw5/src/components/main/following.js","s":{"1":1,"2":1,"3":1,"4":1,"5":1,"6":1,"7":1,"8":2,"9":1,"10":0,"11":0,"12":1,"13":1},"b":{"1":[1,1],"2":[2,2]},"f":{"1":2,"2":0},"fnMap":{"1":{"name":"_interopRequireDefault","line":17,"loc":{"start":{"line":0,"column":0},"end":{"line":0,"column":0},"skip":true},"skip":true},"2":{"name":"Following","line":19,"loc":{"start":{"line":10,"column":18},"end":{"line":10,"column":18}}}},"statementMap":{"1":{"start":{"line":0,"column":0},"end":{"line":0,"column":0},"skip":true},"2":{"start":{"line":6,"column":0},"end":{"line":6,"column":0}},"3":{"start":{"line":0,"column":0},"end":{"line":0,"column":0},"skip":true},"4":{"start":{"line":7,"column":0},"end":{"line":7,"column":0}},"5":{"start":{"line":8,"column":0},"end":{"line":8,"column":0}},"6":{"start":{"line":0,"column":0},"end":{"line":0,"column":0},"skip":true},"7":{"start":{"line":0,"column":0},"end":{"line":0,"column":0},"skip":true},"8":{"start":{"line":0,"column":0},"end":{"line":0,"column":0},"skip":true},"9":{"start":{"line":0,"column":0},"end":{"line":0,"column":0},"skip":true},"10":{"start":{"line":10,"column":18},"end":{"line":10,"column":18}},"11":{"start":{"line":10,"column":18},"end":{"line":10,"column":18}},"12":{"start":{"line":25,"column":0},"end":{"line":25,"column":0}},"13":{"start":{"line":0,"column":0},"end":{"line":0,"column":0},"skip":true}},"branchMap":{"1":{"line":17,"type":"cond-expr","locations":[{"start":{"line":0,"column":0},"end":{"line":0,"column":0},"skip":true},{"start":{"line":0,"column":0},"end":{"line":0,"column":0},"skip":true}]},"2":{"line":17,"type":"binary-expr","locations":[{"start":{"line":0,"column":0},"end":{"line":0,"column":0},"skip":true},{"start":{"line":0,"column":0},"end":{"line":0,"column":0},"skip":true}]}}},"/Users/yusong/Code/comp531-web-development/hw5/src/components/main/addFriendForm.js":{"path":"/Users/yusong/Code/comp531-web-development/hw5/src/components/main/addFriendForm.js","s":{"1":1,"2":1,"3":1,"4":1,"5":1,"6":1,"7":1,"8":1,"9":1,"10":1,"11":1,"12":1,"13":1,"14":1,"15":0,"16":1,"17":1,"18":1,"19":1,"20":1,"21":1,"22":1,"23":1,"24":1,"25":1,"26":0,"27":0,"28":0,"29":0,"30":0,"31":0,"32":0,"33":1,"34":1,"35":1,"36":0,"37":0,"38":1,"39":0,"40":0,"41":0,"42":1,"43":1,"44":0,"45":1,"46":1,"47":1,"48":1,"49":1,"50":1,"51":0,"52":0,"53":0,"54":0,"55":0,"56":0,"57":0,"58":1,"59":0,"60":1,"61":1,"62":1},"b":{"1":[1,1],"2":[1,0],"3":[1,0],"4":[0,1],"5":[1,0],"6":[1,1],"7":[0,0],"8":[0,0],"9":[0,1],"10":[1,1],"11":[0,0],"12":[0,0],"13":[0,0],"14":[0,0,0],"15":[0,1],"16":[1,0],"17":[1,1],"18":[1,0],"19":[1,0],"20":[0,0]},"f":{"1":1,"2":1,"3":1,"4":1,"5":1,"6":0,"7":0,"8":1,"9":1,"10":0,"11":0,"12":0},"fnMap":{"1":{"name":"(anonymous_1)","line":7,"loc":{"start":{"line":0,"column":0},"end":{"line":0,"column":0},"skip":true},"skip":true},"2":{"name":"defineProperties","line":7,"loc":{"start":{"line":0,"column":0},"end":{"line":0,"column":0},"skip":true},"skip":true},"3":{"name":"(anonymous_3)","line":7,"loc":{"start":{"line":0,"column":0},"end":{"line":0,"column":0},"skip":true},"skip":true},"4":{"name":"_interopRequireWildcard","line":21,"loc":{"start":{"line":0,"column":0},"end":{"line":0,"column":0},"skip":true},"skip":true},"5":{"name":"_interopRequireDefault","line":23,"loc":{"start":{"line":0,"column":0},"end":{"line":0,"column":0},"skip":true},"skip":true},"6":{"name":"_classCallCheck","line":25,"loc":{"start":{"line":0,"column":0},"end":{"line":0,"column":0},"skip":true},"skip":true},"7":{"name":"_possibleConstructorReturn","line":27,"loc":{"start":{"line":0,"column":0},"end":{"line":0,"column":0},"skip":true},"skip":true},"8":{"name":"_inherits","line":29,"loc":{"start":{"line":0,"column":0},"end":{"line":0,"column":0},"skip":true},"skip":true},"9":{"name":"(anonymous_9)","line":33,"loc":{"start":{"line":0,"column":0},"end":{"line":0,"column":0},"skip":true},"skip":true},"10":{"name":"AddFriendForm","line":36,"loc":{"start":{"line":0,"column":0},"end":{"line":0,"column":0},"skip":true},"skip":true},"11":{"name":"(anonymous_11)","line":47,"loc":{"start":{"line":11,"column":23},"end":{"line":11,"column":35}}},"12":{"name":"render","line":54,"loc":{"start":{"line":0,"column":0},"end":{"line":0,"column":0},"skip":true},"skip":true}},"statementMap":{"1":{"start":{"line":0,"column":0},"end":{"line":0,"column":0},"skip":true},"2":{"start":{"line":0,"column":0},"end":{"line":0,"column":0},"skip":true},"3":{"start":{"line":0,"column":0},"end":{"line":0,"column":0},"skip":true},"4":{"start":{"line":0,"column":0},"end":{"line":0,"column":0},"skip":true},"5":{"start":{"line":0,"column":0},"end":{"line":0,"column":0},"skip":true},"6":{"start":{"line":0,"column":0},"end":{"line":0,"column":0},"skip":true},"7":{"start":{"line":0,"column":0},"end":{"line":0,"column":0},"skip":true},"8":{"start":{"line":0,"column":0},"end":{"line":0,"column":0},"skip":true},"9":{"start":{"line":0,"column":0},"end":{"line":0,"column":0},"skip":true},"10":{"start":{"line":0,"column":0},"end":{"line":0,"column":0},"skip":true},"11":{"start":{"line":0,"column":0},"end":{"line":0,"column":0},"skip":true},"12":{"start":{"line":0,"column":0},"end":{"line":0,"column":0},"skip":true},"13":{"start":{"line":0,"column":0},"end":{"line":0,"column":0},"skip":true},"14":{"start":{"line":0,"column":0},"end":{"line":0,"column":0},"skip":true},"15":{"start":{"line":0,"column":0},"end":{"line":0,"column":0},"skip":true},"16":{"start":{"line":0,"column":0},"end":{"line":0,"column":0},"skip":true},"17":{"start":{"line":5,"column":0},"end":{"line":5,"column":0}},"18":{"start":{"line":0,"column":0},"end":{"line":0,"column":0},"skip":true},"19":{"start":{"line":6,"column":0},"end":{"line":6,"column":0}},"20":{"start":{"line":7,"column":0},"end":{"line":7,"column":0}},"21":{"start":{"line":8,"column":0},"end":{"line":8,"column":0}},"22":{"start":{"line":0,"column":0},"end":{"line":0,"column":0},"skip":true},"23":{"start":{"line":0,"column":0},"end":{"line":0,"column":0},"skip":true},"24":{"start":{"line":0,"column":0},"end":{"line":0,"column":0},"skip":true},"25":{"start":{"line":0,"column":0},"end":{"line":0,"column":0},"skip":true},"26":{"start":{"line":0,"column":0},"end":{"line":0,"column":0},"skip":true},"27":{"start":{"line":0,"column":0},"end":{"line":0,"column":0},"skip":true},"28":{"start":{"line":0,"column":0},"end":{"line":0,"column":0},"skip":true},"29":{"start":{"line":0,"column":0},"end":{"line":0,"column":0},"skip":true},"30":{"start":{"line":0,"column":0},"end":{"line":0,"column":0},"skip":true},"31":{"start":{"line":0,"column":0},"end":{"line":0,"column":0},"skip":true},"32":{"start":{"line":0,"column":0},"end":{"line":0,"column":0},"skip":true},"33":{"start":{"line":0,"column":0},"end":{"line":0,"column":0},"skip":true},"34":{"start":{"line":0,"column":0},"end":{"line":0,"column":0},"skip":true},"35":{"start":{"line":0,"column":0},"end":{"line":0,"column":0},"skip":true},"36":{"start":{"line":0,"column":0},"end":{"line":0,"column":0},"skip":true},"37":{"start":{"line":0,"column":0},"end":{"line":0,"column":0},"skip":true},"38":{"start":{"line":0,"column":0},"end":{"line":0,"column":0},"skip":true},"39":{"start":{"line":0,"column":0},"end":{"line":0,"column":0},"skip":true},"40":{"start":{"line":0,"column":0},"end":{"line":0,"column":0},"skip":true},"41":{"start":{"line":0,"column":0},"end":{"line":0,"column":0},"skip":true},"42":{"start":{"line":0,"column":0},"end":{"line":0,"column":0},"skip":true},"43":{"start":{"line":0,"column":0},"end":{"line":0,"column":0},"skip":true},"44":{"start":{"line":0,"column":0},"end":{"line":0,"column":0},"skip":true},"45":{"start":{"line":0,"column":0},"end":{"line":0,"column":0},"skip":true},"46":{"start":{"line":0,"column":0},"end":{"line":0,"column":0},"skip":true},"47":{"start":{"line":0,"column":0},"end":{"line":0,"column":0},"skip":true},"48":{"start":{"line":0,"column":0},"end":{"line":0,"column":0},"skip":true},"49":{"start":{"line":0,"column":0},"end":{"line":0,"column":0},"skip":true},"50":{"start":{"line":0,"column":0},"end":{"line":0,"column":0},"skip":true},"51":{"start":{"line":0,"column":0},"end":{"line":0,"column":0},"skip":true},"52":{"start":{"line":0,"column":0},"end":{"line":0,"column":0},"skip":true},"53":{"start":{"line":0,"column":0},"end":{"line":0,"column":0},"skip":true},"54":{"start":{"line":0,"column":0},"end":{"line":0,"column":0},"skip":true},"55":{"start":{"line":0,"column":0},"end":{"line":0,"column":0},"skip":true},"56":{"start":{"line":0,"column":0},"end":{"line":0,"column":0},"skip":true},"57":{"start":{"line":12,"column":8},"end":{"line":12,"column":8}},"58":{"start":{"line":0,"column":0},"end":{"line":0,"column":0},"skip":true},"59":{"start":{"line":16,"column":8},"end":{"line":16,"column":8}},"60":{"start":{"line":0,"column":0},"end":{"line":0,"column":0},"skip":true},"61":{"start":{"line":28,"column":0},"end":{"line":28,"column":0}},"62":{"start":{"line":0,"column":0},"end":{"line":0,"column":0},"skip":true}},"branchMap":{"1":{"line":7,"type":"binary-expr","locations":[{"start":{"line":0,"column":0},"end":{"line":0,"column":0},"skip":true},{"start":{"line":0,"column":0},"end":{"line":0,"column":0},"skip":true}]},"2":{"line":7,"type":"if","locations":[{"start":{"line":0,"column":0},"end":{"line":0,"column":0},"skip":true},{"start":{"line":0,"column":0},"end":{"line":0,"column":0},"skip":true}]},"3":{"line":7,"type":"if","locations":[{"start":{"line":0,"column":0},"end":{"line":0,"column":0},"skip":true},{"start":{"line":0,"column":0},"end":{"line":0,"column":0},"skip":true}]},"4":{"line":7,"type":"if","locations":[{"start":{"line":0,"column":0},"end":{"line":0,"column":0},"skip":true},{"start":{"line":0,"column":0},"end":{"line":0,"column":0},"skip":true}]},"5":{"line":21,"type":"if","locations":[{"start":{"line":0,"column":0},"end":{"line":0,"column":0},"skip":true},{"start":{"line":0,"column":0},"end":{"line":0,"column":0},"skip":true}]},"6":{"line":21,"type":"binary-expr","locations":[{"start":{"line":0,"column":0},"end":{"line":0,"column":0},"skip":true},{"start":{"line":0,"column":0},"end":{"line":0,"column":0},"skip":true}]},"7":{"line":21,"type":"if","locations":[{"start":{"line":0,"column":0},"end":{"line":0,"column":0},"skip":true},{"start":{"line":0,"column":0},"end":{"line":0,"column":0},"skip":true}]},"8":{"line":21,"type":"if","locations":[{"start":{"line":0,"column":0},"end":{"line":0,"column":0},"skip":true},{"start":{"line":0,"column":0},"end":{"line":0,"column":0},"skip":true}]},"9":{"line":23,"type":"cond-expr","locations":[{"start":{"line":0,"column":0},"end":{"line":0,"column":0},"skip":true},{"start":{"line":0,"column":0},"end":{"line":0,"column":0},"skip":true}]},"10":{"line":23,"type":"binary-expr","locations":[{"start":{"line":0,"column":0},"end":{"line":0,"column":0},"skip":true},{"start":{"line":0,"column":0},"end":{"line":0,"column":0},"skip":true}]},"11":{"line":25,"type":"if","locations":[{"start":{"line":0,"column":0},"end":{"line":0,"column":0},"skip":true},{"start":{"line":0,"column":0},"end":{"line":0,"column":0},"skip":true}]},"12":{"line":27,"type":"if","locations":[{"start":{"line":0,"column":0},"end":{"line":0,"column":0},"skip":true},{"start":{"line":0,"column":0},"end":{"line":0,"column":0},"skip":true}]},"13":{"line":27,"type":"cond-expr","locations":[{"start":{"line":0,"column":0},"end":{"line":0,"column":0},"skip":true},{"start":{"line":0,"column":0},"end":{"line":0,"column":0},"skip":true}]},"14":{"line":27,"type":"binary-expr","locations":[{"start":{"line":0,"column":0},"end":{"line":0,"column":0},"skip":true},{"start":{"line":0,"column":0},"end":{"line":0,"column":0},"skip":true},{"start":{"line":0,"column":0},"end":{"line":0,"column":0},"skip":true}]},"15":{"line":29,"type":"if","locations":[{"start":{"line":0,"column":0},"end":{"line":0,"column":0},"skip":true},{"start":{"line":0,"column":0},"end":{"line":0,"column":0},"skip":true}]},"16":{"line":29,"type":"binary-expr","locations":[{"start":{"line":0,"column":0},"end":{"line":0,"column":0},"skip":true},{"start":{"line":0,"column":0},"end":{"line":0,"column":0},"skip":true}]},"17":{"line":29,"type":"binary-expr","locations":[{"start":{"line":0,"column":0},"end":{"line":0,"column":0},"skip":true},{"start":{"line":0,"column":0},"end":{"line":0,"column":0},"skip":true}]},"18":{"line":29,"type":"if","locations":[{"start":{"line":0,"column":0},"end":{"line":0,"column":0},"skip":true},{"start":{"line":0,"column":0},"end":{"line":0,"column":0},"skip":true}]},"19":{"line":29,"type":"cond-expr","locations":[{"start":{"line":0,"column":0},"end":{"line":0,"column":0},"skip":true},{"start":{"line":0,"column":0},"end":{"line":0,"column":0},"skip":true}]},"20":{"line":47,"type":"binary-expr","locations":[{"start":{"line":0,"column":0},"end":{"line":0,"column":0},"skip":true},{"start":{"line":0,"column":0},"end":{"line":0,"column":0},"skip":true}]}}},"/Users/yusong/Code/comp531-web-development/hw5/src/components/article/articlesView.js":{"path":"/Users/yusong/Code/comp531-web-development/hw5/src/components/article/articlesView.js","s":{"1":1,"2":1,"3":1,"4":0,"5":0,"6":0,"7":0,"8":0,"9":0,"10":1,"11":1,"12":1,"13":1,"14":1,"15":1,"16":1,"17":1,"18":3,"19":1,"20":0,"21":0,"22":0,"23":0,"24":0,"25":1,"26":1,"27":0},"b":{"1":[1,0],"2":[0,0],"3":[2,1],"4":[3,3]},"f":{"1":0,"2":3,"3":0,"4":0,"5":0,"6":0},"fnMap":{"1":{"name":"(anonymous_1)","line":8,"loc":{"start":{"line":0,"column":0},"end":{"line":0,"column":0},"skip":true},"skip":true},"2":{"name":"_interopRequireDefault","line":24,"loc":{"start":{"line":0,"column":0},"end":{"line":0,"column":0},"skip":true},"skip":true},"3":{"name":"ArticlesView","line":26,"loc":{"start":{"line":7,"column":28},"end":{"line":7,"column":53}}},"4":{"name":"(anonymous_4)","line":30,"loc":{"start":{"line":8,"column":40},"end":{"line":8,"column":52}}},"5":{"name":"(anonymous_5)","line":40,"loc":{"start":{"line":15,"column":33},"end":{"line":15,"column":33}}},"6":{"name":"(anonymous_6)","line":60,"loc":{"start":{"line":38,"column":23},"end":{"line":38,"column":34}}}},"statementMap":{"1":{"start":{"line":0,"column":0},"end":{"line":0,"column":0},"skip":true},"2":{"start":{"line":0,"column":0},"end":{"line":0,"column":0},"skip":true},"3":{"start":{"line":0,"column":0},"end":{"line":0,"column":0},"skip":true},"4":{"start":{"line":0,"column":0},"end":{"line":0,"column":0},"skip":true},"5":{"start":{"line":0,"column":0},"end":{"line":0,"column":0},"skip":true},"6":{"start":{"line":0,"column":0},"end":{"line":0,"column":0},"skip":true},"7":{"start":{"line":0,"column":0},"end":{"line":0,"column":0},"skip":true},"8":{"start":{"line":0,"column":0},"end":{"line":0,"column":0},"skip":true},"9":{"start":{"line":0,"column":0},"end":{"line":0,"column":0},"skip":true},"10":{"start":{"line":1,"column":-15},"end":{"line":1,"column":-15}},"11":{"start":{"line":0,"column":0},"end":{"line":0,"column":0},"skip":true},"12":{"start":{"line":2,"column":0},"end":{"line":2,"column":0}},"13":{"start":{"line":3,"column":0},"end":{"line":3,"column":0}},"14":{"start":{"line":0,"column":0},"end":{"line":0,"column":0},"skip":true},"15":{"start":{"line":4,"column":0},"end":{"line":4,"column":0}},"16":{"start":{"line":0,"column":0},"end":{"line":0,"column":0},"skip":true},"17":{"start":{"line":0,"column":0},"end":{"line":0,"column":0},"skip":true},"18"
[...]
line":40,"type":"if","locations":[{"start":{"line":31,"column":12},"end":{"line":31,"column":12}},{"start":{"line":31,"column":12},"end":{"line":31,"column":12}}]},"9":{"line":48,"type":"if","locations":[{"start":{"line":40,"column":12},"end":{"line":40,"column":12}},{"start":{"line":40,"column":12},"end":{"line":40,"column":12}}]},"10":{"line":56,"type":"if","locations":[{"start":{"line":49,"column":12},"end":{"line":49,"column":12}},{"start":{"line":49,"column":12},"end":{"line":49,"column":12}}]}}},"/Users/yusong/Code/comp531-web-development/hw5/src/reducers/articlesReducer.js":{"path":"/Users/yusong/Code/comp531-web-development/hw5/src/reducers/articlesReducer.js","s":{"1":1,"2":1,"3":0,"4":0,"5":0,"6":0,"7":0,"8":0,"9":1,"10":0,"11":0,"12":0,"13":0,"14":0,"15":1,"16":1,"17":5,"18":5,"19":5,"20":1,"21":1,"22":0,"23":0,"24":3,"25":1},"b":{"1":[1,0],"2":[0,0],"3":[0,0],"4":[2,3],"5":[5,5],"6":[1,1,0,0,3]},"f":{"1":0,"2":0,"3":5},"fnMap":{"1":{"name":"(anonymous_1)","line":7,"loc":{"start":{"line":0,"column":0},"end":{"line":0,"column":0},"skip":true},"skip":true},"2":{"name":"_toConsumableArray","line":9,"loc":{"start":{"line":0,"column":0},"end":{"line":0,"column":0},"skip":true},"skip":true},"3":{"name":"articlesReducer","line":20,"loc":{"start":{"line":10,"column":24},"end":{"line":10,"column":55}}}},"statementMap":{"1":{"start":{"line":0,"column":0},"end":{"line":0,"column":0},"skip":true},"2":{"start":{"line":0,"column":0},"end":{"line":0,"column":0},"skip":true},"3":{"start":{"line":0,"column":0},"end":{"line":0,"column":0},"skip":true},"4":{"start":{"line":0,"column":0},"end":{"line":0,"column":0},"skip":true},"5":{"start":{"line":0,"column":0},"end":{"line":0,"column":0},"skip":true},"6":{"start":{"line":0,"column":0},"end":{"line":0,"column":0},"skip":true},"7":{"start":{"line":0,"column":0},"end":{"line":0,"column":0},"skip":true},"8":{"start":{"line":0,"column":0},"end":{"line":0,"column":0},"skip":true},"9":{"start":{"line":0,"column":0},"end":{"line":0,"column":0},"skip":true},"10":{"start":{"line":0,"column":0},"end":{"line":0,"column":0},"skip":true},"11":{"start":{"line":0,"column":0},"end":{"line":0,"column":0},"skip":true},"12":{"start":{"line":0,"column":0},"end":{"line":0,"column":0},"skip":true},"13":{"start":{"line":0,"column":0},"end":{"line":0,"column":0},"skip":true},"14":{"start":{"line":0,"column":0},"end":{"line":0,"column":0},"skip":true},"15":{"start":{"line":5,"column":0},"end":{"line":5,"column":0}},"16":{"start":{"line":10,"column":0},"end":{"line":10,"column":0}},"17":{"start":{"line":10,"column":55},"end":{"line":10,"column":55}},"18":{"start":{"line":10,"column":55},"end":{"line":10,"column":55}},"19":{"start":{"line":11,"column":4},"end":{"line":11,"column":4}},"20":{"start":{"line":13,"column":12},"end":{"line":13,"column":12}},"21":{"start":{"line":18,"column":12},"end":{"line":18,"column":12}},"22":{"start":{"line":23,"column":12},"end":{"line":23,"column":12}},"23":{"start":{"line":25,"column":12},"end":{"line":25,"column":12}},"24":{"start":{"line":33,"column":12},"end":{"line":33,"column":12}},"25":{"start":{"line":0,"column":0},"end":{"line":0,"column":0},"skip":true}},"branchMap":{"1":{"line":7,"type":"binary-expr","locations":[{"start":{"line":0,"column":0},"end":{"line":0,"column":0},"skip":true},{"start":{"line":0,"column":0},"end":{"line":0,"column":0},"skip":true}]},"2":{"line":7,"type":"if","locations":[{"start":{"line":0,"column":0},"end":{"line":0,"column":0},"skip":true},{"start":{"line":0,"column":0},"end":{"line":0,"column":0},"skip":true}]},"3":{"line":9,"type":"if","locations":[{"start":{"line":0,"column":0},"end":{"line":0,"column":0},"skip":true},{"start":{"line":0,"column":0},"end":{"line":0,"column":0},"skip":true}]},"4":{"line":21,"type":"cond-expr","locations":[{"start":{"line":10,"column":55},"end":{"line":10,"column":55}},{"start":{"line":10,"column":33},"end":{"line":10,"column":55}}]},"5":{"line":21,"type":"binary-expr","locations":[{"start":{"line":10,"column":55},"end":{"line":10,"column":55}},{"start":{"line":10,"column":55},"end":{"line":10,"column":55}}]},"6":{"line":24,"type":"switch","locations":[{"start":{"line":12,"column":8},"end":{"line":13,"column":12}},{"start":{"line":17,"column":8},"end":{"line":18,"column":12}},{"start":{"line":22,"column":8},"end":{"line":23,"column":12}},{"start":{"line":24,"column":8},"end":{"line":25,"column":12}},{"start":{"line":32,"column":8},"end":{"line":33,"column":12}}]}}},"/Users/yusong/Code/comp531-web-development/hw5/src/reducers/followingsReducer.js":{"path":"/Users/yusong/Code/comp531-web-development/hw5/src/reducers/followingsReducer.js","s":{"1":1,"2":1,"3":0,"4":0,"5":0,"6":0,"7":0,"8":0,"9":1,"10":0,"11":0,"12":0,"13":0,"14":0,"15":1,"16":1,"17":3,"18":3,"19":3,"20":0,"21":0,"22":3,"23":1},"b":{"1":[1,0],"2":[0,0],"3":[0,0],"4":[0,3],"5":[3,3],"6":[0,0,3]},"f":{"1":0,"2":0,"3":3},"fnMap":{"1":{"name":"(anonymous_1)","line":7,"loc":{"start":{"line":0,"column":0},"end":{"line":0,"column":0},"skip":true},"skip":true},"2":{"name":"_toConsumableArray","line":9,"loc":{"start":{"line":0,"column":0},"end":{"line":0,"column":0},"skip":true},"skip":true},"3":{"name":"followingsReducer","line":19,"loc":{"start":{"line":9,"column":26},"end":{"line":9,"column":57}}}},"statementMap":{"1":{"start":{"line":0,"column":0},"end":{"line":0,"column":0},"skip":true},"2":{"start":{"line":0,"column":0},"end":{"line":0,"column":0},"skip":true},"3":{"start":{"line":0,"column":0},"end":{"line":0,"column":0},"skip":true},"4":{"start":{"line":0,"column":0},"end":{"line":0,"column":0},"skip":true},"5":{"start":{"line":0,"column":0},"end":{"line":0,"column":0},"skip":true},"6":{"start":{"line":0,"column":0},"end":{"line":0,"column":0},"skip":true},"7":{"start":{"line":0,"column":0},"end":{"line":0,"column":0},"skip":true},"8":{"start":{"line":0,"column":0},"end":{"line":0,"column":0},"skip":true},"9":{"start":{"line":0,"column":0},"end":{"line":0,"column":0},"skip":true},"10":{"start":{"line":0,"column":0},"end":{"line":0,"column":0},"skip":true},"11":{"start":{"line":0,"column":0},"end":{"line":0,"column":0},"skip":true},"12":{"start":{"line":0,"column":0},"end":{"line":0,"column":0},"skip":true},"13":{"start":{"line":0,"column":0},"end":{"line":0,"column":0},"skip":true},"14":{"start":{"line":0,"column":0},"end":{"line":0,"column":0},"skip":true},"15":{"start":{"line":5,"column":0},"end":{"line":5,"column":0}},"16":{"start":{"line":9,"column":0},"end":{"line":9,"column":0}},"17":{"start":{"line":9,"column":57},"end":{"line":9,"column":57}},"18":{"start":{"line":9,"column":57},"end":{"line":9,"column":57}},"19":{"start":{"line":10,"column":4},"end":{"line":10,"column":4}},"20":{"start":{"line":12,"column":12},"end":{"line":12,"column":12}},"21":{"start":{"line":20,"column":12},"end":{"line":20,"column":12}},"22":{"start":{"line":25,"column":12},"end":{"line":25,"column":12}},"23":{"start":{"line":0,"column":0},"end":{"line":0,"column":0},"skip":true}},"branchMap":{"1":{"line":7,"type":"binary-expr","locations":[{"start":{"line":0,"column":0},"end":{"line":0,"column":0},"skip":true},{"start":{"line":0,"column":0},"end":{"line":0,"column":0},"skip":true}]},"2":{"line":7,"type":"if","locations":[{"start":{"line":0,"column":0},"end":{"line":0,"column":0},"skip":true},{"start":{"line":0,"column":0},"end":{"line":0,"column":0},"skip":true}]},"3":{"line":9,"type":"if","locations":[{"start":{"line":0,"column":0},"end":{"line":0,"column":0},"skip":true},{"start":{"line":0,"column":0},"end":{"line":0,"column":0},"skip":true}]},"4":{"line":20,"type":"cond-expr","locations":[{"start":{"line":9,"column":57},"end":{"line":9,"column":57}},{"start":{"line":9,"column":35},"end":{"line":9,"column":57}}]},"5":{"line":20,"type":"binary-expr","locations":[{"start":{"line":9,"column":57},"end":{"line":9,"column":57}},{"start":{"line":9,"column":57},"end":{"line":9,"column":57}}]},"6":{"line":23,"type":"switch","locations":[{"start":{"line":11,"column":8},"end":{"line":12,"column":12}},{"start":{"line":19,"column":8},"end":{"line":20,"column":12}},{"start":{"line":24,"column":8},"end":{"line":25,"column":12}}]}}},"/Users/yusong/Code/comp531-web-development/hw5/src/reducers/authReducer.js":{"path":"/Users/yusong/Code/comp531-web-development/hw5/src/reducers/authReducer.js","s":{"1":1,"2":1,"3":0,"4":0,"5":0,"6":0,"7":0,"8":0,"9":1,"10":1,"11":3,"12":3,"13":3,"14":0,"15":3,"16":1},"b":{"1":[1,0],"2":[0,0],"3":[0,3],"4":[3,3],"5":[0,3]},"f":{"1":0,"2":3},"fnMap":{"1":{"name":"(anonymous_1)","line":7,"loc":{"start":{"line":0,"column":0},"end":{"line":0,"column":0},"skip":true},"skip":true},"2":{"name":"authReducer","line":17,"loc":{"start":{"line":9,"column":20},"end":{"line":9,"column":51}}}},"statementMap":{"1":{"start":{"line":0,"column":0},"end":{"line":0,"column":0},"skip":true},"2":{"start":{"line":0,"column":0},"end":{"line":0,"column":0},"skip":true},"3":{"start":{"line":0,"column":0},"end":{"line":0,"column":0},"skip":true},"4":{"start":{"line":0,"column":0},"end":{"line":0,"column":0},"skip":true},"5":{"start":{"line":0,"column":0},"end":{"line":0,"column":0},"skip":true},"6":{"start":{"line":0,"column":0},"end":{"line":0,"column":0},"skip":true},"7":{"start":{"line":0,"column":0},"end":{"line":0,"column":0},"skip":true},"8":{"start":{"line":0,"column":0},"end":{"line":0,"column":0},"skip":true},"9":{"start":{"line":5,"column":0},"end":{"line":5,"column":0}},"10":{"start":{"line":9,"column":0},"end":{"line":9,"column":0}},"11":{"start":{"line":9,"column":51},"end":{"line":9,"column":51}},"12":{"start":{"line":9,"column":51},"end":{"line":9,"column":51}},"13":{"start":{"line":10,"column":4},"end":{"line":10,"column":4}},"14":{"start":{"line":12,"column":12},"end":{"line":12,"column":12}},"15":{"start":{"line":17,"column":12},"end":{"line":17,"column":12}},"16":{"start":{"line":0,"column":0},"end":{"line":0,"column":0},"skip":true}},"branchMap":{"1":{"line":7,"type":"binary-expr","locations":[{"start":{"line":0,"column":0},"end":{"line":0,"column":0},"skip":true},{"start":{"line":0,"column":0},"end":{"line":0,"column":0},"skip":true}]},"2":{"line":7,"type":"if","locations":[{"start":{"line":0,"column":0},"end":{"line":0,"column":0},"skip":true},{"start":{"line":0,"column":0},"end":{"line":0,"column":0},"skip":true}]},"3":{"line":18,"type":"cond-expr","locations":[{"start":{"line":9,"column":51},"end":{"line":9,"column":51}},{"start":{"line":9,"column":29},"end":{"line":9,"column":51}}]},"4":{"line":18,"type":"binary-expr","locations":[{"start":{"line":9,"column":51},"end":{"line":9,"column":51}},{"start":{"line":9,"column":51},"end":{"line":9,"column":51}}]},"5":{"line":21,"type":"switch","locations":[{"start":{"line":11,"column":8},"end":{"line":12,"column":12}},{"start":{"line":16,"column":8},"end":{"line":17,"column":12}}]}}},"/Users/yusong/Code/comp531-web-development/hw5/src/reducers/reducers.spec.js":{"path":"/Users/yusong/Code/comp531-web-development/hw5/src/reducers/reducers.spec.js","s":{"1":1,"2":0,"3":0,"4":0,"5":0,"6":0,"7":0,"8":1,"9":1,"10":1,"11":1,"12":1,"13":1,"14":2,"15":1,"16":1,"17":0,"18":0,"19":0,"20":0,"21":0,"22":0,"23":0,"24":0,"25":0,"26":0,"27":0,"28":0},"b":{"1":[1,0],"2":[0,0],"3":[2,0],"4":[2,2]},"f":{"1":0,"2":2,"3":0,"4":0,"5":0,"6":0,"7":0,"8":0},"fnMap":{"1":{"name":"(anonymous_1)","line":3,"loc":{"start":{"line":0,"column":0},"end":{"line":0,"column":0},"skip":true},"skip":true},"2":{"name":"_interopRequireDefault","line":15,"loc":{"start":{"line":0,"column":0},"end":{"line":0,"column":0},"skip":true},"skip":true},"3":{"name":"(anonymous_3)","line":41,"loc":{"start":{"line":30,"column":29},"end":{"line":30,"column":35}}},"4":{"name":"(anonymous_4)","line":43,"loc":{"start":{"line":32,"column":34},"end":{"line":32,"column":40}}},"5":{"name":"(anonymous_5)","line":47,"loc":{"start":{"line":36,"column":72},"end":{"line":36,"column":78}}},"6":{"name":"(anonymous_6)","line":51,"loc":{"start":{"line":40,"column":68},"end":{"line":40,"column":74}}},"7":{"name":"(anonymous_7)","line":73,"loc":{"start":{"line":65,"column":34},"end":{"line":65,"column":40}}},"8":{"name":"(anonymous_8)","line":83,"loc":{"start":{"line":76,"column":40},"end":{"line":76,"column":46}}}},"statementMap":{"1":{"start":{"line":0,"column":0},"end":{"line":0,"column":0},"skip":true},"2":{"start":{"line":0,"column":0},"end":{"line":0,"column":0},"skip":true},"3":{"start":{"line":0,"column":0},"end":{"line":0,"column":0},"skip":true},"4":{"start":{"line":0,"column":0},"end":{"line":0,"column":0},"skip":true},"5":{"start":{"line":0,"column":0},"end":{"line":0,"column":0},"skip":true},"6":{"start":{"line":0,"column":0},"end":{"line":0,"column":0},"skip":true},"7":{"start":{"line":0,"column":0},"end":{"line":0,"column":0},"skip":true},"8":{"start":{"line":1,"column":-15},"end":{"line":1,"column":-15}},"9":{"start":{"line":2,"column":0},"end":{"line":2,"column":0}},"10":{"start":{"line":0,"column":0},"end":{"line":0,"column":0},"skip":true},"11":{"start":{"line":3,"column":0},"end":{"line":3,"column":0}},"12":{"start":{"line":0,"column":0},"end":{"line":0,"column":0},"skip":true},"13":{"start":{"line":0,"column":0},"end":{"line":0,"column":0},"skip":true},"14":{"start":{"line":0,"column":0},"end":{"line":0,"column":0},"skip":true},"15":{"start":{"line":6,"column":0},"end":{"line":6,"column":0}},"16":{"start":{"line":30,"column":0},"end":{"line":30,"column":0}},"17":{"start":{"line":32,"column":4},"end":{"line":32,"column":4}},"18":{"start":{"line":33,"column":8},"end":{"line":33,"column":8}},"19":{"start":{"line":36,"column":4},"end":{"line":36,"column":4}},"20":{"start":{"line":40,"column":4},"end":{"line":40,"column":4}},"21":{"start":{"line":44,"column":4},"end":{"line":44,"column":4}},"22":{"start":{"line":45,"column":4},"end":{"line":45,"column":4}},"23":{"start":{"line":65,"column":4},"end":{"line":65,"column":4}},"24":{"start":{"line":66,"column":8},"end":{"line":66,"column":8}},"25":{"start":{"line":70,"column":8},"end":{"line":70,"column":8}},"26":{"start":{"line":76,"column":4},"end":{"line":76,"column":4}},"27":{"start":{"line":77,"column":8},"end":{"line":77,"column":8}},"28":{"start":{"line":81,"column":8},"end":{"line":81,"column":8}}},"branchMap":{"1":{"line":3,"type":"binary-expr","locations":[{"start":{"line":0,"column":0},"end":{"line":0,"column":0},"skip":true},{"start":{"line":0,"column":0},"end":{"line":0,"column":0},"skip":true}]},"2":{"line":3,"type":"if","locations":[{"start":{"line":0,"column":0},"end":{"line":0,"column":0},"skip":true},{"start":{"line":0,"column":0},"end":{"line":0,"column":0},"skip":true}]},"3":{"line":15,"type":"cond-expr","locations":[{"start":{"line":0,"column":0},"end":{"line":0,"column":0},"skip":true},{"start":{"line":0,"column":0},"end":{"line":0,"column":0},"skip":true}]},"4":{"line":15,"type":"binary-expr","locations":[{"start":{"line":0,"column":0},"end":{"line":0,"column":0},"skip":true},{"start":{"line":0,"column":0},"end":{"line":0,"column":0},"skip":true}]}}},"/Users/yusong/Code/comp531-web-development/hw5/src/util/utils.spec.js":{"path":"/Users/yusong/Code/comp531-web-development/hw5/src/util/utils.spec.js","s":{"1":1,"2":1,"3":1,"4":1,"5":1,"6":1,"7":2,"8":1,"9":0,"10":0,"11":0,"12":0,"13":0,"14":0,"15":0,"16":0,"17":0,"18":0,"19":0,"20":0,"21":0,"22":0,"23":0,"24":0,"25":0,"26":0,"27":0,"28":0,"29":0,"30":0,"31":0,"32":0,"33":0,"34":0,"35":0},"b":{"1":[0,2],"2":[2,2],"3":[0,0],"4":[0,0]},"f":{"1":2,"2":0,"3":0,"4":0,"5":0,"6":0,"7":0,"8":0,"9":0,"10":0,"11":0,"12":0},"fnMap":{"1":{"name":"_interopRequireDefault","line":13,"loc":{"start":{"line":0,"column":0},"end":{"line":0,"column":0},"skip":true},"skip":true},"2":{"name":"(anonymous_2)","line":15,"loc":{"start":{"line":9,"column":38},"end":{"line":9,"column":44}}},"3":{"name":"(anonymous_3)","line":19,"loc":{"start":{"line":12,"column":15},"end":{"line":12,"column":21}}},"4":{"name":"(anonymous_4)","line":29,"loc":{"start":{"line":23,"column":14},"end":{"line":23,"column":20}}},"5":{"name":"(anonymous_5)","line":36,"loc":{"start":{"line":31,"column":63},"end":{"line":31,"column":73}}},"6":{"name":"(anonymous_6)","line":46,"loc":{"start":{"line":42,"column":18},"end":{"line":42,"column":27}}},"7":{"name":"(anonymous_7)","line":54,"loc":{"start":{"line":52,"column":49},"end":{"line":52,"column":59}}},"8":{"name":"(anonymous_8)","line":55,"loc":{"start":{"line":53,"column":47},"end":{"line":53,"column":56}}},"9":{"name":"(anonymous_9)","line":55,"loc":{"start":{"line":56,"column":15},"end":{"line":56,"column":24}}},"10":{"name":"(anonymous_10)","line":61,"loc":{"start":{"line":62,"column":38},"end":{"line":62,"column":48}}},"11":{"name":"(anonymous_11)","line":72,"loc":{"start":{"line":74,"column":18},"end":{"line":74,"column":27}}},"12":{"name":"(anonymous_12)","line":74,"loc":{"start":{"line":78,"column":19},"end":{"line":78,"column":28}}}},"statementMap":{"1":{"start":{"line":5,"column":0},"end":{"line":5,"column":0}},"2":{"start":{"line":0,"column":0},"end":{"line":0,"column":0},"skip":true},"3":{"start":{"line":6,"column":0},"end":{"line":6,"column":0}},"4":{"start":{"line":0,"column":0},"end":{"line":0,"column":0},"skip":true},"5":{"start":{"line":7,"column":0},"end":{"line":7,"column":0}},"6":{"start":{"line":0,"column":0},"end":{"line":0,"column":0},"skip":true},"7":{"start":{"line":0,"column":0},"end":{"line":0,"column":0},"skip":true},"8":{"start":{"line":0,"column":0},"end":{"line":0,"column":0},"skip":true},"9":{"start":{"line":11,"column":4},"end":{"line":11,"column":4}},"10":{"start":{"line":12,"column":4},"end":{"line":12,"column":4}},"11":{"start":{"line":13,"column":8},"end":{"line":20,"column":9}},"12":{"start":{"line":14,"column":12},"end":{"line":14,"column":12}},"13":{"start":{"line":15,"column":12},"end":{"line":15,"column":12}},"14":{"start":{"line":16,"column":12},"end":{"line":16,"column":12}},"15":{"start":{"line":17,"column":12},"end":{"line":17,"column":12}},"16":{"start":{"line":18,"column":12},"end":{"line":18,"column":12}},"17":{"start":{"line":23,"column":4},"end":{"line":23,"column":4}},"18":{"start":{"line":24,"column":8},"end":{"line":27,"column":9}},"19":{"start":{"line":25,"column":12},"end":{"line":25,"column":12}},"20":{"start":{"line":26,"column":12},"end":{"line":26,"column":12}},"21":{"start":{"line":31,"column":4},"end":{"line":31,"column":4}},"22":{"start":{"line":32,"column":8},"end":{"line":32,"column":8}},"23":{"start":{"line":41,"column":8},"end":{"line":41,"column":8}},"24":{"start":{"line":43,"column":16},"end":{"line":43,"column":16}},"25":{"start":{"line":52,"column":4},"end":{"line":52,"column":4}},"26":{"start":{"line":53,"column":8},"end":{"line":53,"column":8}},"27":{"start":{"line":57,"column":12},"end":{"line":57,"column":12}},"28":{"start":{"line":58,"column":12},"end":{"line":58,"column":12}},"29":{"start":{"line":62,"column":4},"end":{"line":62,"column":4}},"30":{"start":{"line":63,"column":8},"end":{"line":63,"column":8}},"31":{"start":{"line":64,"column":8},"end":{"line":64,"column":8}},"32":{"start":{"line":73,"column":8},"end":{"line":73,"column":8}},"33":{"start":{"line":75,"column":16},"end":{"line":75,"column":16}},"34":{"start":{"line":79,"column":16},"end":{"line":79,"column":16}},"35":{"start":{"line":80,"column":16},"end":{"line":80,"column":16}}},"branchMap":{"1":{"line":13,"type":"cond-expr","locations":[{"start":{"line":0,"column":0},"end":{"line":0,"column":0},"skip":true},{"start":{"line":0,"column":0},"end":{"line":0,"column":0},"skip":true}]},"2":{"line":13,"type":"binary-expr","locations":[{"start":{"line":0,"column":0},"end":{"line":0,"column":0},"skip":true},{"start":{"line":0,"column":0},"end":{"line":0,"column":0},"skip":true}]},"3":{"line":20,"type":"if","locations":[{"start":{"line":13,"column":8},"end":{"line":13,"column":8}},{"start":{"line":13,"column":8},"end":{"line":13,"column":8}}]},"4":{"line":30,"type":"if","locations":[{"start":{"line":24,"column":8},"end":{"line":24,"column":8}},{"start":{"line":24,"column":8},"end":{"line":24,"column":8}}]}}}}